0
321
335
344
349
4496
4497
4498
4499
4500
4501
4502
4503
4504
4505
4507
4508
4509
4510
4512
4513
4514
4515
4515
4517
4518
4519
4520
4521
4522
4524
4525
4526
4527
4528
4529
4530
4531
4532
4533
4624
4625
4625
4629
4630
4630
4631
4632
54928
4636
54929
54930
54931
54932
54933
55024
55029
55031
55032
55036
56096
56097
56098
56099
56100
56101
56102
56103
56104
56105
56107
560098
509698
105429
105431
105436
112514
155829
106496
106498
56225
56225
54910
106499
225318
156898
156902
207298
57315
57315
459298
106501
54910
106502
54912
106504
106505
54912
257698
275718
62230
58508
105325
105326
105327
54913
106510
54908
105328
105329
326118
54913
54914
105330
54917
54914
112518
106548
54917
54918
54918
54919
54919
54920
163030
112520
358498
54920
106625
106625
308098
376518
112522
156948
158115
162918
207302
112630
105331
105332
107715
112512
54921
123308
54921
54922
54922
408898
54924
54924
54925
54925
54926
155728
54926
54927
54927
54901
54902
54903
54908
54896
54896
54897
54897
54915
54898
54898
55025
54909
54904
54905
54899
54899
56115
54907
224118
54900
54900
55030
105310
105348
213318
105312
105313
105314
105318
105317
105319
105321
105320
105322
105324
98709
99309
90948
98148
99909
98109
98109
99909
107279
108466
108646
108826
108908
109789
155725
155725
180287
180299
181885
182402
184802
183602
184202
185485
186002
189085
189602
192685
193202
206229
196285
206229
199885
206229
206229
203485
204002
206128
206128
206128
221410
223124
229272
229318
259602
261111
261191
261815
262153
264466
266044
266122
266956
267114
267383
268871
268877
269527
269541
277813
346997
353399
359686
363909
364028
365625
369166
381984
381985
432566
432566
432567
442256
457084
468837
486033
528302
528309
528650
528698
591373
591451
591676
595709
597937
599777
602654
612424
614883
615217
651969
678066
678079
698717
698824
698827
698827
698875
698880
698881
698882
698883
698884
698885
698886
699418
700403
709698
709699
709707
709739
709740
709742
709779
709781
709782
709783
710492
710493
710495
720816
721810
729964
738951
740033
747428
748299
801164
801203
807520
807610
808737
809956
862979
863955
871806
875154
875880
877238
879642
882317
888568
888568
888570
888570
888571
888571
888571
888571
888571
888571
888572
888572
888572
888572
888572
888572
888572
888573
888899
889023
889024
889024
889024
889024
901327
917840
949584
950502
950515
951173
951471
951471
951471
951471
951471
951471
951471
951471
951472
951472
951472
951472
951472
951472
951472
951472
951473
951473
951473
951473
951473
951473
951473
951473
951473
951474
951474
951474
951474
951474
951474
951474
951474
951474
951475
951475
951475
951475
951475
951475
951475
951475
951476
951476
951476
951476
951476
951477
951477
951477
951480
951480
951482
951482
951482
951484
951485
951725
951725
951726
951727
951729
951729
1059474
1059474
951731
1059474
1059474
1059475
1059475
1059475
1059475
1059476
987471
954384
987471
1059476
1059476
987471
987471
987471
987471
987472
987472
987472
987472
987472
987472
987472
987471
987473
987473
987473
987473
987473
987473
987473
987473
987472
987474
987474
987474
987474
987474
987474
987473
987475
987475
987475
987475
987474
987474
987474
987476
987476
987476
987476
987475
987475
987475
987475
987477
987477
987477
987476
987476
987476
1059477
1059477
1059477
987480
987477
987477
987477
987482
987482
987482
987480
987480
987480
987485
987484
987484
987482
987482
987482
987726
987726
987725
987725
987725
987725
987485
987727
987727
987727
987727
987727
987731
987729
987729
987729
987729
1001871
990384
988973
987731
1023472
1023472
1023471
1023473
1023473
1023473
1023473
1023473
1023473
1023473
1023473
1023473
1059482
1059482
1059480
1059480
1059727
1059726
1059725
1059725
1059485
1059484
1059482
1063071
1060671
1060073
1060072
1059731
1059729
1059729
1059727
1095474
1095474
1095474
1069071
1066672
1066672
1066672
1095476
1095476
1095475
1095475
1023474
1095475
1095475
1095474
1095480
1095477
1095477
1095477
1095476
1023474
1023474
1023475
1023474
1023474
1023474
1023474
1023474
1023474
1023475
1023475
1023475
1023475
1023475
1203475
1023476
1023476
1023476
1023476
1023475
1023475
1023477
1023477
1023477
1023476
1023476
1023476
1023480
1023480
1023480
1023477
1023477
1023477
1023482
1023482
1023482
1023482
1023482
1023482
1023480
1023725
1023725
1023725
1023485
1023485
1023484
1023484
1023727
1023727
1023726
1023726
1023725
1023727
1023727
985373
987471
970373
971573
969173
969773
972773
973973
975173
976973
978773
980573
982973
1095480
1095482
1024671
1023731
1023731
1023729
1023729
1203475
1023729
1023729
1023727
1026384
1025871
1025871
1024973
1024671
1095482
1095482
1095727
1027071
1095726
1095725
1095725
1095485
1095484
1203476
1096072
1095731
2245071
1095729
1095729
1095727
1102672
1102672
1027071
2258273
1099071
1096673
1096671
1096073
2281071
1131474
1105071
1102673
1102673
1102672
1131475
1131475
1131475
1131475
1131474
1131474
1131474
1131480
1131477
1131477
1131477
1131476
1131476
1131476
1131725
1131485
1131484
1131482
1131482
1131482
1131480
1131729
1131729
1131727
1131727
1131726
1131725
1132673
1132671
1132073
1132072
1131731
3632781
1141071
1139873
1139872
1139272
1135071
1030672
1037871
1030672
1030672
1030672
1030672
1030672
1059473
1059473
1059473
1059473
1059473
1160273
1167476
1167475
1167475
2317071
1167475
1167475
1203480
1167474
1167477
1167477
1167477
1167476
1167476
1167484
1167482
1167482
1167482
1167480
1167480
1167727
1167727
1167726
1203482
1167725
1167725
1167485
1203476
1059473
2353071
4856011
1167729
1168671
1168073
1203725
1168072
1167731
1167729
1203477
1059473
1168674
1168673
1175872
1175272
1171071
1168674
1175873
1204673
1204671
1204073
1204072
1203731
1203729
1204674
1204674
5333818
4899211
3996811
5593018
5852218
1059476
1059474
1060973
1059727
1211272
1207071
2403473
1239475
1062384
1211873
1211872
1095473
1239476
1075071
1239475
1073871
1239475
1239477
1239477
1239476
1239476
1139272
1327074
1239725
1239725
1239482
1239482
1138672
1239480
1239480
1177071
1354673
1333071
1168674
1167474
2078876
1327373
1196273
1196273
1177071
2125071
1203474
1447671
1429074
1203474
1462675
1462674
1455473
1203475
1451272
1203475
2127474
2126876
1462926
1462685
1462684
1462682
1462677
1463272
1462931
1463871
1463273
1470472
1470127
1470127
1466271
1463874
1463874
1463873
1471073
1471072
2146076
1203482
1203477
1203477
1203477
2240284
4250781
1498682
1498682
1498680
1498680
1498677
1498677
1203485
1203484
1499876
1499876
1498925
1498925
1203484
1203482
1203726
1203726
1507832
1506475
1499876
1203485
2400381
1586274
1521129
1514476
1513329
1586573
1203727
1023471
1023472
1023472
1023471
1023472
1023471
1059472
1059473
1721874
1714673
1710472
1706871
1628273
1593471
1722472
1722131
1722126
1721885
1721884
1721882
1721877
1721875
1730272
1729672
1729327
1729327
1725474
1725471
1723073
1723071
1722473
1757880
4256011
1757877
1732074
1732074
1730273
1759076
1759076
1758125
1758125
1757882
1757882
1757880
1759077
1759076
1203727
1203727
1203727
1863471
1861373
1781529
1774876
1772529
1767032
1766875
1981075
1981074
1973873
1969672
1957638
1868274
1203729
1981331
1981326
1981085
1981084
1981082
1981077
1984674
1984671
1982273
1982271
1981673
1981672
1992727
1992727
1989473
1989472
1988872
4509981
2018280
2018277
2018277
1999674
1997274
2018808
2236072
2026232
2020682
4515811
2020680
2035325
2035276
2035082
2031729
2027275
1059471
1061871
1073871
1095473
1095473
1095473
3437175
1138672
1138672
1138673
1138672
1138673
1145873
1153073
1167474
1167474
2036276
2057276
2038676
2064476
2041676
2040476
2042876
2044076
2045276
2046476
1326173
1498676
1319874
1318674
1318676
1320173
1321074
1321373
1322274
1322573
1323474
1323773
1324674
1324973
1325874
2050076
2053676
2036876
2037476
2038076
2047676
2048876
1403272
1406872
1398472
1399072
1399672
1400272
1400872
1402072
1424872
1410472
1414072
1417672
1421272
3443775
3447375
3450975
1462929
1427874
1440472
1436271
1436272
1436871
1435672
1436872
1437471
1437472
1438071
1438072
1438671
1438672
1439271
1439272
1439871
1439872
1440471
1462927
1498675
1498675
1498675
1498675
1498675
1499875
1505875
3437775
1504232
1723674
1505875
1506129
1506129
1509729
2078876
1513276
1520529
2075276
1592271
1723074
1613873
1613873
1614473
3440175
1691874
1688274
1688274
1727274
1696674
1691874
1689474
1690674
1695474
1696074
1695474
1757877
4854811
1765675
1773676
1780329
1780329
1988527
1780929
1989127
1845474
1850573
1852671
1846973
1854173
1856271
1846973
1850274
1857773
1991274
1859871
3239273
1845773
1846674
1845474
1845474
1845474
1845474
1845474
1845474
1846674
1846674
1846674
1846674
1845474
1845474
1846674
1846674
1846674
1846674
1850091
1859537
1865641
1865641
1865665
1865665
1887473
1898020
1898645
1898728
1900798
1900946
1901250
1901649
1905589
1906579
1907730
1913285
1914822
1915052
1915057
1920748
1928427
1928427
1928838
1936673
1938968
1945540
1946078
1950187
1952422
1952428
1952441
1952445
1966071
1985115
1985259
1985476
1985837
1986338
1988632
1994874
1994874
1996074
1996074
2243871
3241673
1996125
4777411
3240473
2005608
2017082
2017325
2009208
2015208
2017080
2017082
2017325
2018276
2012808
2014008
2018276
2018276
2017077
2017080
2026075
2034076
3238673
2039876
2039876
2039876
2046201
2124476
2124173
2124476
2120573
2121773
2122671
4778611
2124476
2122973
2123871
4776211
4775611
4776811
2131676
2231272
3438975
2220438
2233073
2224038
2225838
2227638
2228872
2229438
2231838
2221638
2222838
2217438
2216838
2218638
2218038
2219238
2219838
2246243
2250462
2250468
2261853
2263053
2280249
2280249
2280249
2280249
2280250
2384271
2384271
2338076
2280292
2280292
2388249
2388249
2386676
2386674
2386076
2388249
2388249
2388292
2388250
2389071
2295473
2280341
2280341
2280341
2280354
2280355
2280355
2280355
2280355
2285432
2285432
2285432
2285432
2285432
2285432
2285432
2285432
2285432
2285432
2285432
2285432
2285432
2285432
2285432
2286475
2286475
2286475
2286475
2286475
2286475
2286475
2286475
2286475
2286475
2286475
2286475
2286475
2286475
2286475
2290929
2290929
2290929
2290929
2286632
2290929
2290929
2290929
2290929
2290929
2290929
2290929
2290929
2290929
2290929
2290929
2290929
2294273
2294273
2294273
2294273
2294273
2294273
2294273
2294273
2294273
2294273
2294273
2294273
2294273
2294273
2294273
2294273
2294273
2294273
2294273
2294273
2294273
2294273
2294273
2294273
2294273
2294273
2294273
2294273
2294273
2294273
2294273
2294273
2294273
2294273
2294273
2294273
2294273
2294273
2294273
2294273
2294273
2294273
2294273
2294273
2294273
2294273
2294273
2294273
2294273
2294273
2294273
2294273
2294273
2294273
2294273
2294273
2294273
2294273
2294273
2294273
2294273
2294273
2294273
2294273
2294273
2294273
2294273
2294273
2294273
2294273
2294273
2294273
2294273
2294273
2294273
2294273
2294273
2294273
2294273
2294273
2294273
2294273
2294273
2294273
2294273
2294273
2294273
2294273
2294273
2294273
2294273
2294273
2294273
2294273
2294273
2294273
2294273
2294273
2294273
2294273
2294273
2294273
2294273
2294273
2294273
2294273
2294273
2294273
2294273
2294273
2294273
2294273
2294273
2294273
2294273
2294273
2294273
2294273
2294273
2294273
2294273
2294273
2294273
2294273
2294273
2294273
2294282
2294273
2294282
2294282
2294282
2294282
2294282
2294282
2294282
2294282
2294282
2294282
2294282
2294282
2294282
2294282
2294282
2294476
2294476
2294476
2294476
2294476
2294476
2294476
2294476
2294476
2294476
2294476
2294476
2294476
2294476
2294476
2294525
2294525
2294525
2294525
2294476
2294525
2294525
2294525
2294525
2294525
2285432
2286475
2294273
2298499
2299099
2299699
2300299
2332263
2348531
2348537
2369323
2378951
2385168
2385768
2386076
2386076
2396781
2418972
2419816
2420698
2430618
2431472
2432274
2432769
2435014
2435020
2438550
2449654
2449800
2450252
2450390
2454842
2454842
2454842
2454842
2454842
2454869
2454869
2454869
2454869
2454869
2454882
2454882
2454882
2454882
2454882
2454895
2454895
2454895
2454895
2454895
2454911
2454911
2454911
2454911
2454911
2454923
2454923
2454924
2454924
2454924
2454938
2454938
2454938
2454938
2454939
2454951
2457750
2454952
2454952
2454952
2493471
2493471
2493471
2493471
2493471
2493471
2493471
2493471
2493471
2493471
2493471
2493471
2493471
2493471
2493471
2493471
2493471
2493471
2493471
2493471
2493471
2493471
2493471
2493471
2493471
2494076
2494076
2494076
2494076
2494076
2494076
2494076
2494076
2494076
2494076
2494076
2494076
2494076
2494076
2494076
2494674
2494674
2494674
2494674
2494076
2494674
2494674
2494674
2494674
2494674
2494674
2494674
2494674
2494674
2494674
2494674
2494674
2494676
2494676
2494676
2494676
2494676
2494676
2494676
2494676
2494676
2494676
2494676
2494676
2494676
2495272
2495272
2494676
2494676
2494676
2495272
2495272
2495272
2495272
2495272
2495272
2495272
2495272
2495272
2495272
2495272
2495272
2495272
2495272
2495272
2495272
2495272
2495272
2495272
2495272
2495272
2495272
2496249
2496249
2496249
2496249
2496249
2604249
3317273
2604249
2604249
2605071
2605071
2604292
2606871
2607484
2607484
2607476
2607476
2606872
2607484
2607484
2604249
2607484
3107872
2621242
2604249
3108292
3118094
3110872
3110871
3108472
3634575
3888811
3812781
3744811
3920781
2496249
2496249
2496249
2496249
2496249
2496249
2496249
2496249
2496249
2496249
2496249
2496249
2496249
2496249
2496249
2496249
2496249
2496249
2496249
2496249
2496249
2496249
2496249
2496249
2496249
2496249
2496249
2496249
2496249
2496249
2496249
2496249
2496249
2496249
2496249
2496249
2496249
2496249
2496249
2496249
2496249
2496249
2496249
2496249
2496249
2496249
2496249
2496249
2496249
2496249
2496249
2496249
2496249
2496249
2496249
2496249
2496250
2496249
2496249
2496249
2496250
2496250
2496250
2496250
2496250
2456550
2496250
2496250
2496250
2496250
2496250
2496250
2496250
2496250
2496250
2496250
2496292
2496292
2496292
2496292
2496292
2496292
2496292
2496292
2496292
2496292
2496292
2496292
2496292
2496292
2496292
2497071
2497071
2497071
2497071
2496292
2497071
2497071
2497071
2497071
3125517
3130673
3127581
2497071
2497071
2497071
2497071
2497071
2497071
2497071
2497071
2497071
2497071
2497071
2497071
2497071
2497071
2497071
2497071
2497071
2497071
2497071
2497071
2497071
2497071
2497071
2499484
2499484
2497071
2499484
2499484
2499484
2499484
2499484
2499484
2499484
2499484
2499484
2499484
2499484
2499484
2499484
2499484
2499484
2499484
2499484
2499484
2499484
2499484
2499484
2499484
2499484
2499484
3142652
3130673
2604249
2604250
2604250
2499484
2499484
2499484
2499484
2499484
2499484
2499484
2499484
2499484
2499484
2499484
2499484
2499484
2499484
2499484
2499484
2499484
2499484
2499484
2499484
2499484
2499484
2499484
2499484
2499484
2499484
2499484
2499484
2499484
2499484
2499484
2499484
2499484
2499484
2499484
2499484
2499484
2499484
2499484
2499484
2499484
2499484
2499484
2499484
2499484
2499484
2499484
2499484
2499484
2499484
2499484
2499484
2499484
2499484
2499484
2499484
2499484
2499484
2499484
2542071
2499484
2499484
2499484
2546871
2546271
2546271
2545671
2543271
2562842
2562842
2562842
2562842
2559471
2562869
2562869
2562869
2562869
2562842
2562882
2562882
2562882
2562882
2562869
2562895
2562895
2562895
2562895
2562882
2562911
2562911
2562911
2562911
2562895
2562924
2562924
2562923
2562923
2562911
2562938
2562938
2562924
2562938
2562938
2562952
2562952
2562952
2562951
2562939
2601471
2601471
2601471
2565750
2601471
2602674
2602674
2602674
2603272
2602674
2603272
2603272
2603272
2603272
2603272
2603874
2603874
2603874
2603272
2603272
2604249
2604249
2604249
2604249
2603874
2604249
2604249
2604249
2604249
2604249
2604249
2604249
2604249
2604249
2604249
2492271
2492271
2492271
2492271
2492271
2492271
2492271
2492271
2492271
2492271
2492271
2492271
2492271
2492271
2492271
2492271
2492271
2492271
2492271
2492871
2492271
2492871
2492271
2492271
2492271
2492271
2492271
2492271
2492271
2492271
2492271
2492271
2492271
2492271
2492871
2492871
2510271
2510271
2510871
2510271
2510871
2523471
2513871
2527671
2518071
2518671
2519271
2517471
2518071
2522871
2528271
2522871
2528271
2521671
2522271
2528871
2527671
2528871
2531271
2541471
2532471
2534871
2536071
2538471
2539671
2602674
2603271
2603876
2603272
2602676
2602676
2601471
2602071
2602076
2602671
2601471
2601471
2601471
2601471
2601471
2602674
2602674
2602674
2602674
2606100
2606551
2607010
2608556
2608562
2608835
2609499
2609505
2610642
2613226
2613428
2613937
2614647
2616773
2617642
2620201
2629204
2638791
2644817
2644831
2645116
2645128
2649244
2649245
2649245
2649246
2649246
2649264
2649264
2653671
2651271
2654271
2659581
2659581
2657271
2654871
2654271
2659581
2659581
2659581
2659581
2659581
2659581
2659581
2659581
2659581
2659581
2659581
2659581
2659581
2659581
2659581
2650071
2659581
2659581
2659581
2659581
2659581
2659581
2659581
2659581
2659581
2659581
2659581
2659581
2659581
2659581
2659581
2659581
2659581
2659581
2659581
2659581
2767581
2767581
3091581
2767581
3094673
2659581
2659581
2767581
2770673
2768374
2767581
2767581
2767581
2770673
2770673
2770673
2770673
2770673
2770673
2770673
2770673
2770673
2770673
2784018
2783272
2781452
2778923
2784249
2784249
2784249
3094673
2784292
2784250
2786872
2786871
2659581
2785071
2785071
2787476
2787476
2659581
3094673
2787484
2787484
2787484
2792894
2787484
2787484
2803581
2803581
2803581
2803581
2800317
2803581
2803581
3094673
2803581
2803581
2803714
2803581
2804374
2659581
3668781
2659581
2806673
2806673
2806673
2806673
2806673
2806673
2806673
2806673
2806673
2806673
2662673
3108249
2662673
2817452
2816123
2806673
2819872
2820249
2820249
2820249
2820018
2820292
2820250
2822871
2821071
2821071
2823484
2823476
2823476
2822872
2823484
2823484
2823484
2823484
2836317
2828894
2839581
2839581
2839581
3109071
2839581
2839581
2839581
2839581
2839581
2839581
2842673
2842673
2842673
2840374
2839714
2842673
2842673
2842673
2842673
2842673
2853452
2852123
2842673
2842673
2842673
2856018
3111476
2855872
2856249
2856249
2856249
2662673
2856292
2856250
2662673
2859476
2858872
2858871
2857071
2857071
2859484
2859484
2859484
2859484
2859476
2875581
2875581
2873517
2866094
2859484
2875581
2875581
2875581
2875581
2875581
2876374
2875714
2875581
2875581
2878673
2878673
2878673
2878673
2878673
2878673
2878673
2878673
2878673
2878673
2878673
2895484
2895484
2911581
2911581
2911581
2911581
2911581
2911581
2662673
2911581
2911581
3111484
2662673
2662673
2914673
2912374
2911714
2662673
2914673
3111484
2914673
2914673
2914673
2914673
2914673
2914673
2914673
2928018
2927872
2924123
2914673
2914673
2928249
2928292
2662673
2928249
2928249
3147476
2930871
2929071
2929071
2930872
2931476
2931476
2662673
2662673
2662673
2662673
2662673
2662673
2662673
2662673
2662673
2662673
2662673
2662673
2662673
2670939
2670923
2670895
2670882
2670842
2695581
2695581
2695581
2685264
2931484
2947581
2695581
2931484
2931484
2931484
2947581
2947581
2947581
2947581
2947581
2695581
2947581
2947581
2947714
2695581
2950673
2950673
2948374
2950673
3740781
2695581
2695581
2695581
2695581
2695581
2695581
2695581
2695581
2950673
2695581
2950673
2950673
2963872
2950673
2950673
2950673
2950673
2964292
2964249
2964249
2964249
2964018
2966872
2966871
2965071
2695581
2965071
2967476
2967476
2967484
2967484
2967484
2983581
2983581
2983581
2983581
2967484
2983581
2983581
2983581
2984374
2983714
2986673
2986673
2986673
2986673
2986673
3000018
2986673
2986673
2986673
2986673
3000249
3000249
3001071
3000292
3000249
3003476
3003476
3002872
3002871
3001071
3003484
3003484
3019581
3003484
3003484
3019581
3019581
3019581
3019581
3019581
3022673
3022673
3020374
3019714
3019581
3022673
3022673
3022673
3022673
2695581
2695581
2695581
2695581
2698673
2695581
2698673
2698673
3022673
3022673
3022673
3147484
2698673
3036249
3036249
3036249
3036292
2698673
2698673
2698673
2698673
2698673
2698673
2698673
3163581
3091581
2698673
3163581
2698673
2698673
2698673
2698673
2698673
2698673
2698673
2698673
4028781
3037071
3037071
4064781
2698673
2698673
2706882
3166673
3091581
3039476
3038872
3038871
3039484
3039476
3055581
3055581
3039484
3039484
3039484
3055581
3091581
3127581
2706923
2706895
2710674
2709452
2706939
2711272
3166673
2712249
3144250
2712018
3055581
3055581
3055581
3058673
3055714
3058673
3058673
3058673
3058673
3058673
3058673
3058673
3058673
3072249
3072249
3074871
3073071
3073071
3072292
3074872
3075476
2712249
2712249
3075476
3075484
3130673
2712249
3271581
2712249
2712249
2712249
3127581
2712250
2712250
3127581
2712292
2713071
2713071
2712292
3183476
3180250
3560781
2713071
3526575
3524781
2713071
2714871
2714871
3183484
2714872
2714872
2715476
2715476
3329175
3365175
3344781
3199581
2715484
3130673
2715476
2715476
2715484
2715484
3380781
2715484
2715484
2715484
2715484
2715484
3401175
2715484
2721264
2720894
2715484
2730442
2729242
2731581
2731581
4100781
2731581
2731581
2731581
3562575
2731581
2731581
2731581
2731581
2731581
2731581
2731581
2731581
2731581
2731581
2731581
2731581
2731581
3596781
2731581
3199581
2731581
2734673
2734673
2732374
3202673
2734673
2734673
2734673
2734673
2734673
2734673
2734673
2734673
2734673
2734673
2734673
2734673
2734673
3202673
2734673
2734673
3202673
2734673
3281273
3257175
3245273
2734673
3268076
2734673
2734673
3216472
2742882
2734673
2742923
2742895
2742939
2748018
2747272
2746674
2745452
2748249
2748249
2748249
2748249
2748249
2748249
2748249
4136781
3231472
2748250
2748292
2748250
2749071
2749071
2748292
2750872
2750871
2750871
2749071
2749071
2751476
2751476
2750872
2751476
2751476
2751484
2751484
2751484
2751484
3232076
2751484
4172781
3232450
2751484
4780411
4209981
3235581
2751484
2751484
2751484
2751484
3776781
3130673
2756894
3235581
3454575
3452781
3416781
3490575
3488781
3598575
2757264
2767581
3293175
2766442
2767581
2767581
3852811
3304076
2767581
2767581
2659581
2659581
2659581
2659581
2659581
2659581
2659581
2659581
2659581
2659581
2659581
2659581
2659581
2659581
2659581
2659581
2659581
2659581
2659581
2659581
2659581
2659581
2659581
2659581
2659581
2659581
2659581
2659581
2659581
2659581
2659581
2659581
2659581
2659581
2659581
2659581
2659581
2659581
2659581
2659581
2659581
2659581
2659581
2659581
2659581
2659581
2659581
2659581
2659581
2659581
2659581
2659581
2659581
2659581
2659581
2659581
2659581
2659581
2659581
2659581
2659581
2659581
2659581
2659581
2659581
2659581
2659581
2659581
2659581
2659581
2659581
2659581
2659581
2659581
2659581
2659581
2659581
2659581
2659581
2674079
2677910
2682151
2688922
2688982
2689671
2694557
2696197
2696203
2700762
2701543
2702252
2702894
2705143
2705852
2706842
2706842
2708418
2715818
2729242
2731581
2731581
2731760
2731774
2765242
2765242
2765242
2765242
2765242
2765246
2770245
2771795
2771898
2778882
2778882
2778882
2780577
2780623
2780969
2782001
2782654
2782660
2783785
2788961
2792280
2794317
2802514
2814923
2819272
2819272
2819272
2819272
2864894
2864894
2872317
2872317
2888123
2888123
2888123
2888123
2888123
2888123
2888123
2888123
2888123
2888123
2888123
2888123
2888123
2888123
2888123
2889452
2889452
2889452
2889452
2888123
2889452
2889452
2889452
2889452
2889452
2889452
2889452
2889452
2889452
2889452
2891872
2891872
2891872
2890652
2889452
2891872
2891872
2891872
2891872
2891872
2891872
2891872
2891872
2891872
2891872
2892018
2892018
2891872
2891872
2891872
2892018
2892018
2892018
2892018
2892018
2892018
2892018
2892018
2892018
2892018
2892249
2892018
2892018
2892018
2892018
2892249
2892249
2892249
2892249
2892249
2892249
2892249
2892249
2892249
2892249
2892249
2892249
2892249
2892249
2892249
2892249
2892249
2892249
2892249
2892249
2892249
2892249
2892249
2892249
2892249
2892249
2892249
2892249
2892249
2892249
2892249
2892249
2892249
2892249
2892249
2892249
2892249
2892249
2892249
2892249
3308781
2892292
3245273
2892292
2892250
2893071
3704781
2893071
2894871
2893071
2893071
2894871
3245273
2894872
2895476
2895476
3075484
2895476
2894872
2895484
2895484
2895476
3075484
3075484
2895484
2895484
2895484
2892249
2892249
2892249
2892249
2892250
2892249
2892249
2892249
2892250
2889452
2892250
2892250
2892250
2892250
2892250
2895484
2895484
2895484
2895484
2892250
2902094
2895484
2895484
2895484
2895484
2902094
2902094
2902094
2902094
2902094
2902094
2902094
2902094
2902094
2902094
2902094
2902094
2902094
2903294
2902094
2909517
2909517
2909517
2909517
2909517
2909517
2909517
2909517
2909517
2909517
2910117
2910117
2909517
2909517
2910117
2911581
2910117
2911581
2911581
2911581
2911581
2911581
2911581
2911581
2911581
2911581
2911581
2911581
2911581
2911581
2925452
2925452
2925452
2925452
2911581
2925452
2925452
2925452
2925452
2925452
2925452
2925452
2925452
2925452
2925452
2928250
2926652
2925452
2928250
2928250
2928250
2928250
2928250
2928250
2928250
2931484
2931484
2931484
2928250
2928250
2931484
2931484
2931484
2931484
2931484
2950673
2936781
2950673
2950673
2950673
2950673
2950673
2950673
2950673
2950673
2950673
2950673
2950673
2950673
2950673
2960123
2951873
2951873
2960123
2960123
2960123
2960123
2960123
2960123
2960123
2960123
2960123
2960123
2960123
2960123
2961323
2960123
2983581
2983581
2961323
2983581
2983581
2983581
2983581
2983581
2983581
2983581
2983581
2983581
2983581
2983581
2986673
2984781
2983581
2983581
2986673
2986673
2986673
2986673
2986673
2986673
2986673
2986673
2986673
2986673
2986673
2986673
2986673
2986673
2987873
2999872
2999872
2999872
2999872
2999872
2999872
2999872
2999872
2999872
2999872
3000250
2999872
2999872
3000250
3000250
3000472
3000472
3000250
3000250
3000250
3000472
3003484
3003484
3003484
3000472
3003484
3003484
3003484
3003484
3003484
3010094
3010094
3010094
3010094
3010094
3010094
3010094
3010094
3010094
3010094
3010094
3010094
3010094
3010094
3010094
3017517
3017517
3017517
3017517
3011294
3017517
3017517
3017517
3017517
3017517
3018117
3018117
3017517
3017517
3017517
3019581
3018117
3018117
3019581
3019581
3019581
3019581
3019581
3019581
3019581
3094673
3019581
3019581
3019581
3019581
3033452
3033452
3019581
3019581
3019581
3033452
3033452
3033452
3033452
3033452
3033452
3034652
3033452
3033452
3033452
3036018
3036018
3036018
3036018
3036018
3036018
3036018
3036018
3036018
3036018
3036018
3036018
3036018
3036018
3036018
3036250
3036250
3036250
3036250
3036250
3036250
3036250
3036250
3036250
3036250
3039452
3038252
3038252
3037218
3037052
3039484
3039484
3039484
3039484
3039484
3055581
3047181
3039484
3039484
3039484
3055581
3055581
3055581
3055581
3055581
3055581
3055581
3055581
3055581
3055581
3056374
3056374
3055581
3055581
3055581
3056374
3056374
3056374
3056374
3056374
2902094
3056374
3056374
3056374
3056374
3056374
3058673
3056374
3056374
3056374
3058673
3058673
3058673
3058673
3058673
3058673
3058673
3058673
3058673
3058673
3058673
3058673
3058673
3059873
3059873
3059181
3068123
3068123
3059974
3068123
3068123
3068123
3068123
3068123
3068123
3068123
3069323
3068123
3068123
3068123
3068123
3069323
3072249
3072249
3072249
3069323
3072249
3072249
3072249
3072249
3072249
3072249
3072249
3072249
3072249
3072249
3091581
3077181
3073449
3072249
3072249
2909517
2909517
2909517
2909517
2911581
2950673
2950673
2960123
2960123
2983581
2986673
2999872
2999872
2999872
2999872
3033452
3033452
3033452
3033452
3034652
3035852
3036018
3044781
3045981
3091581
3091581
3091581
3091581
3091581
3091581
3091581
3091581
3091581
3091581
3091714
3091714
3091714
3091714
3091714
3091714
3091714
3091714
3091714
3091714
3091714
3091714
3091714
3091714
3091714
3092181
3091714
3092181
3092181
3092181
3094673
3094673
3092781
3094673
3094673
3094673
3094673
3094673
3094673
3094673
3055581
3055581
3056374
3068123
3072249
3091581
3091581
3091581
3091581
3106837
3107086
3109641
3114439
3116051
3118178
3120944
3121699
3121705
3128905
3128911
3138095
3144018
3149311
3158510
3164610
3164624
3165210
3165224
3165810
3165824
3192122
3199608
3212522
3216250
3210122
3211322
3216250
3216250
3215872
3215872
3216122
3216250
3217095
3217608
3217131
3219484
3218871
3218872
3218871
3218872
3219476
3219476
3219476
3219476
3219476
3219476
3219476
3219476
3219484
3219850
3219484
3219484
3219484
3219484
3219484
3222463
3228375
3235840
3236490
3245583
3251247
3251262
3252171
3252184
3277609
3290105
3294812
3295067
3295208
3295463
3295463
3296147
3296680
3296879
3298813
3298851
3298862
3299005
3299053
3299269
3302462
3300469
3301669
3302451
3302653
3303887
3305087
3306205
3306287
3307405
3307487
3307581
3307581
3307581
3307581
3307581
3308071
3310072
3310262
3310304
3318631
3318636
3319665
3323116
3340076
3340076
3340076
3340076
3340076
3340076
3365285
3369160
3370544
3375552
3375890
3376052
3376632
3376949
3377091
3378512
3378697
3380194
3380698
3380985
3382145
3382640
3382776
3382891
3386072
3391714
3391720
3392057
3392655
3392661
3398935
3399857
3400779
3401686
3401996
3424310
3424323
3425210
3425336
3457078
3458554
3458620
3478344
3478350
3479308
3479313
3510896
3510910
3511841
3511854
3542172
3544879
3565055
3565070
3565968
3565974
3597417
3597430
3598344
3598357
3629314
3630284
3631541
3637891
3641183
3641188
3641189
3641192
3641195
3641198
3641201
3641206
3641211
3644246
3646924
3648752
3648854
3649331
3649732
3649803
3650538
3651280
3654172
3654202
3654800
3654895
3655811
3655929
3656140
3656304
3657015
3659484
3659490
3659765
3659771
3660621
3660724
3660735
3660754
3660817
3661181
3662257
3662264
3664403
3667013
3669472
3669734
3669775
3669776
3670060
3670292
3670758
3670815
3670855
3670965
3671065
3671635
3672035
3672091
3672133
3672181
3672374
3672421
3673178
3673275
3675383
3676604
3676604
3677193
3680272
3683877
3683891
3684799
3684812
3713955
3715651
3718097
3719630
3721118
3721867
3723706
3726178
3726327
3727509
3728425
3728454
3729018
3729434
3729720
3733334
3737152
3739092
3740835
3740943
3741017
3741211
3741430
3742031
3742091
3742575
3742575
3742575
3742575
3743021
3743724
3746041
3746175
3747827
3748729
3748735
3751254
3770529
3770541
3771435
3771448
3799735
3801368
3802741
3802793
3803670
3804801
3807087
3807606
3809043
3810292
3810357
3812643
3812781
3817199
3817748
3819406
3819715
3820504
3821277
3825808
3828153
3830826
3831395
3831926
3832510
3832516
3833810
3833858
3835013
3835709
3835927
3835982
3836250
3836256
3840470
3857191
3857203
3858121
3858133
3865844
3870225
3888490
3889567
3892933
3892939
3892941
3892944
3892948
3892951
3892959
3892970
3892978
3892982
3892988
3894234
3894976
3895583
3896212
3902006
3903242
3903376
3904116
3906652
3907488
3908390
3908909
3909394
3909452
3909909
3910199
3910780
3914330
3914566
3915314
3916580
3917317
3917985
3919065
3919071
3920891
3922680
3922686
3924789
3924834
3933405
3943711
3943725
3944651
3944663
3973869
3975572
3978675
3980823
3982156
3982540
3984415
4001034
4001986
4005688
4005704
4008952
4208781
4208781
4208781
4208781
4208781
4208781
4208781
4245981
4245981
4245981
4245981
4245981
4245981
4245981
4245981
4245981
4245981
4245981
4245981
4245981
4251029
4251403
4252239
4253463
4254980
4270129
4293504
4293504
4293509
4293509
4293510
4293510
4293524
4293524
4293525
4293525
4294118
4294124
4317896
4318401
4320317
4322283
4322871
4324464
4327657
4327884
4338878
4340537
4343342
4345330
4350507
4356739
4372471
4515211
4380024
4380028
4380063
4380069
4380650
4380655
4408149
4418076
4418226
4419267
4422683
4423082
4425456
4425498
4426649
4429156
4430130
4432756
4433730
4433730
4434084
4434457
4438918
4466616
4466621
4466621
4466622
4467221
4467221
4467816
4467221
4467221
4467221
4467816
4467816
4499010
4499010
4499902
4501414
4502808
4506907
4508814
4510895
4511097
4513959
4516128
4517464
4520840
4527285
4527747
4550096
4553332
4553332
4553348
4775011
4553379
4553489
4553962
4554579
4579009
4589273
4596634
4596866
4596922
4597957
4597978
4598700
4598746
4599164
4599922
4600143
4600329
4601710
4607838
4608152
4609234
4611515
4769181
4614674
4620350
4621790
4635624
4639746
4639746
4640946
4640946
4641546
4641546
4642146
4643346
4643346
4642146
4682413
4688843
4690376
4718185
4726361
4726975
4726375
4727575
4727561
4728161
4728175
4729361
4729375
4774543
4779900
4782080
4789382
4817611
4800977
4816411
4812957
4812971
4816411
4813265
4813271
4813577
4815090
4815105
4837410
4847582
4848660
4848660
4893811
4893211
4892011
4892011
4893811
4893211
4892011
4894411
4892011
4893211
4894411
4892011
4892011
4892011
4892011
4892011
4892011
4892011
4892011
4892011
4892011
4892011
4892011
4893211
4892011
4892011
4892011
4892011
4892011
4892011
4892011
4893211
4892011
4892011
4899546
4899546
4899555
4899555
4899559
4899559
4899852
4900159
4937611
4901737
4915886
4915977
4916155
4916708
4917177
4917177
4918377
4917746
4919577
4958026
4928993
4936197
4936348
4940026
4945199
4975056
4979483
4986114
4986114
4986120
4986121
4986124
4986124
4986434
4986450
4987082
4988367
5016787
5018219
5019717
5028605
5028687
5028969
5042720
5049765
5072291
5072748
5072748
5072754
5072892
5073689
5073701
5073707
5074358
5074961
5158411
5124043
5124056
5128649
5130435
5131996
5132566
5133196
5133196
5134396
5187418
5135444
5135596
5188618
5137248
5137873
5138271
5140858
5141519
5144215
5144215
5144216
5144217
5144218
5144218
5144219
5144220
5144375
5144376
5144376
5165818
5144378
5144378
5151796
5155015
5155015
5155016
5155017
5144588
5148719
5155018
5155018
5301418
5312218
5155019
5145119
5155020
5155176
5155175
5155176
5148719
5155178
5155178
5158411
5155388
5155388
5158411
5158411
5158411
5158411
5158411
5159519
5159611
5204218
5163211
5163211
5159519
5159611
5159611
5215018
5159611
5159611
5159611
5162011
5163211
5162596
5225818
5247418
5236618
5269018
5258218
5159611
5159611
5193418
5165815
5159611
5159611
5176618
5279818
5159611
5163211
5159611
5170411
5159611
5159611
5163211
5323018
5165976
5159611
5159611
5158411
5290618
5159611
5159611
5189818
5159611
5169211
5163211
5163211
5163211
5163211
5159611
5159611
5158411
5159611
