0
13
850
2558
2558
2798
3501
3758
1141582
5116
5125
1142782
5418
5418
6352
6352
6404
6869
7016
7576
8776
8801
8801
8801
8818
11271
11290
1214542
11614
11709
12553
12567
13840
15079
19244
19968
21166
22404
23631
23638
24829
24837
26040
26048
27244
28454
28947
29146
29548
29548
29706
29742
30049
30049
31249
31218
31218
31347
36013
32418
32746
33618
38449
34800
33946
34813
35146
34818
341966
36018
36000
38449
39649
36423
37623
37517
38418
38449
38919
38919
38919
39618
39649
43249
43213
42049
40849
57214
43249
43249
43249
151249
150942
57906
57309
158319
158413
159018
159049
161709
162279
162814
164619
173106
173449
179598
180049
216013
180649
216049
216618
218019
218679
219214
40849
1139182
46698
1143982
47709
47614
47898
48814
48909
49098
88119
90519
94849
326966
50014
50298
50109
51214
51309
51498
52509
52414
53142
52698
53709
53614
54342
53898
54909
54814
55542
55098
56109
56014
56706
56298
56742
57498
106119
73542
75942
74742
77142
78342
79542
71142
79998
71742
72342
72942
80742
81198
81942
82119
90942
95319
82119
82119
82398
82818
99049
99198
83319
83142
83319
83319
84018
83598
123049
128319
128413
129018
132279
132814
84519
84342
87942
84519
95449
339566
84519
90798
85218
84798
85542
88119
85719
85719
376166
133506
135049
141049
141649
142398
150049
107614
107709
108049
108306
123649
101449
104142
105618
89919
95449
99049
1167742
85719
86919
86742
86418
85998
86919
96049
96519
329366
86919
87618
87198
106119
90018
100249
89742
89598
89319
89319
88818
88398
102049
96649
91249
94818
95598
91719
98919
91719
96649
97249
97719
92449
92319
97849
246049
243649
248449
250849
97849
92449
92319
93649
323961
92919
99519
99613
101449
92919
93613
93519
93649
93618
93649
94119
94119
94249
94249
94249
98418
95919
94249
94719
94813
96013
101449
98449
98142
363566
1007322
349166
347966
346766
351566
350366
352766
353966
355166
356366
357566
358766
425966
455731
551328
978522
1185742
1145182
1146382
117649
120649
121849
359966
330566
119449
113598
113919
114013
114798
115849
115849
115213
115119
116319
115998
132909
133419
122142
117049
116449
116449
116413
117049
117198
117519
123049
117613
118849
118849
118249
120049
120049
120798
123618
332366
125418
124818
334766
126618
127818
214849
133849
335966
129819
131019
131079
132219
133249
135049
134449
136249
135649
137449
136849
138649
138049
139249
140449
139849
1147582
147342
361166
148849
148542
149742
148849
150049
216049
218449
217249
337166
241640
151849
153049
155449
156649
154249
154849
157213
157119
157849
157818
161079
242449
161614
162219
163419
169506
171049
170706
172249
171906
222571
219649
223849
177049
178249
177649
178849
178398
179449
186649
338366
187849
209449
186049
189049
225049
190249
242840
191449
192649
193849
195049
197449
196249
198649
226249
201342
201049
202249
201649
202849
202542
203742
203449
204049
199849
200449
226542
204942
204649
215919
247776
343166
205849
205249
206449
206142
215079
207049
207342
207649
208249
208542
208719
208813
208849
209418
209919
209742
210013
210049
210049
210049
215614
210618
210942
215019
211119
211213
211249
211249
211249
211818
227449
212109
212142
212319
212413
212449
212449
212449
231349
212679
213018
213214
213309
215742
213342
1164382
215709
213519
213613
213649
213649
213649
213879
344366
214414
214218
362366
214509
214542
1148782
214813
214719
214849
215418
232549
233749
220171
220849
220849
221371
234949
222049
223506
223249
223771
224142
224706
224449
224971
225649
225342
235242
237642
227742
227742
228942
228942
231798
228649
228649
233749
235249
229249
235849
230142
229249
232171
231949
230142
229998
230449
230598
232249
231049
230749
230298
230449
230449
231342
230749
231049
233598
231049
231642
231642
236149
366566
232849
232842
232842
234042
234042
234049
237049
237349
236442
236442
237549
238549
238249
238249
345566
238549
284106
241149
239449
239449
239949
240049
240440
240949
240949
244040
244176
244849
244849
244194
244849
244849
247249
247249
247249
249649
249649
252049
252049
252049
253249
253249
254449
253249
254449
254539
256939
261049
255649
255649
269749
270013
270049
256849
262249
256849
269449
269449
270439
258049
258049
258576
258576
263376
258576
258649
258649
258649
259639
259776
259776
259776
259849
259849
263449
262249
259849
263239
260839
279271
270276
264949
260976
260976
260976
261049
269676
262176
262039
262176
262176
269079
267876
263376
265849
265849
266076
266413
266449
266676
264576
264576
264576
266839
264649
267018
264876
265176
264876
264649
265476
265476
266676
1149982
270618
272014
268549
268419
269614
269619
270819
270814
272676
272020
273223
273876
275076
274423
276276
275623
277476
276843
278079
278071
280506
279306
281749
281706
282949
282906
283849
1151182
284349
284172
285049
284870
285549
286070
286249
286670
289213
287749
286849
289070
288049
287870
331766
288013
288049
288949
289381
290076
340766
297952
292182
293413
293435
294242
294246
294628
294644
295517
295844
296746
296752
299152
299152
299239
299152
299152
306352
303952
300352
300352
300352
300352
302752
303952
303952
301552
301552
302752
306049
308330
308340
311649
312716
312861
314061
1152382
1133782
314659
315859
315261
320949
320061
316213
316461
321013
317059
317413
318259
317661
1153582
318613
318861
319749
319749
319459
319813
320538
320949
320659
321859
321947
322249
322761
365366
325761
325161
325161
325161
325161
325161
325766
327306
328166
329435
373766
374966
332366
332366
333188
333566
333566
333566
333725
333766
333768
334925
335981
337232
338418
341066
341078
343600
343616
345134
345134
345158
345368
362891
363566
424766
365987
366566
366566
366566
368558
368558
368852
371598
372813
374013
376166
376166
376166
388334
380464
415766
396176
416966
396575
396770
396844
397267
397376
397376
397463
397463
398165
398200
398263
398353
398467
398663
398765
398750
399170
399553
399958
400070
400073
401270
401273
409670
408470
418166
410870
414566
1134382
419366
420566
412070
414566
415670
412166
412166
415673
412166
421766
416966
412166
412166
412166
412166
413366
413366
414566
423566
413366
413366
413366
413366
413270
413270
413366
414470
414566
414566
415766
418166
418245
418245
419463
419463
420672
420672
421883
423080
423080
424295
424295
425086
425495
425587
425966
426695
453266
1154782
427895
427296
427296
427296
428017
428496
428811
429222
429222
1140382
430422
430422
431622
446366
446366
446366
432822
431922
431622
433122
436422
446666
449066
446496
446666
436422
437622
437622
438822
447566
449966
447566
438822
447696
447866
440022
447222
448766
440022
448766
441222
448766
435222
452666
434022
441222
434322
434322
435522
449966
448896
434622
434622
442422
434922
442422
442896
442896
434922
435822
436122
443966
452966
443622
443622
443966
443966
446022
447822
443966
443966
443966
443966
443966
444096
444096
444266
444266
444266
444822
444822
449966
449966
445166
445166
445166
445166
445166
445166
445166
445296
445296
445466
445466
445466
446022
446366
446366
447566
447566
449966
453566
453566
453633
453634
454531
454725
454728
454728
454750
455928
455928
457611
457128
460011
458811
461211
457128
457611
457728
462411
458328
461928
461328
462411
464928
467328
473731
473731
473731
481728
506928
527782
475382
475396
482182
483382
486982
484582
485182
485782
486382
487611
488131
496128
496531
491731
495931
498982
488131
492931
488131
488131
492931
488131
488131
493166
488182
494131
488811
496128
489331
489331
489331
495566
489331
489331
489331
489382
491782
500131
490011
1155982
490531
490531
490531
490531
490531
490531
491731
491211
494366
490582
491731
491731
492411
491731
491731
492931
495331
494131
494131
494131
495331
495331
495331
495566
495331
497131
498331
499531
498931
505728
500681
512833
512921
512951
513036
513636
514033
514236
514531
514531
515731
519331
516931
518131
518131
518131
518131
1178542
520531
1137982
525528
520531
520531
520728
524928
521928
521731
522931
524131
524131
526760
527960
541590
541590
542480
550128
542776
542790
542873
543680
1157182
1158382
545847
546657
546657
547858
548492
549110
583728
580128
580128
592604
596182
580128
580128
584928
580128
580128
580728
580728
580728
581328
581328
581328
582528
580128
589728
602999
581328
1132582
1133182
581328
581328
581328
581928
581928
581928
583128
1080196
586128
582528
580128
582528
582528
587625
590328
591404
593804
593804
594982
597382
597716
598133
598927
599416
599620
599914
599918
600116
600215
600314
600610
600906
601799
604199
604199
1159582
604199
604199
604199
604199
604199
604298
604379
604398
606599
605399
605399
605399
737498
605399
605498
605399
605598
605579
606599
606599
606599
606599
607799
606955
607799
607799
608999
608167
608999
610199
611399
612599
612599
614999
612698
613799
611399
611399
612599
613799
614370
615660
616860
619998
620999
621198
622199
623399
624599
650999
624599
625799
625799
626999
626999
634799
648599
635999
637199
628199
638399
628199
632999
640199
660060
629999
629999
631199
631199
631799
629399
629399
632399
1135582
632399
633599
633599
640199
759522
678599
755922
640199
1136782
641399
644999
647399
667499
646199
647399
647399
655898
656999
663698
658298
657098
658199
658199
658199
658199
658199
658199
658799
664199
659399
673799
672599
659399
659399
659999
662999
673258
659999
659999
659999
659999
660599
661199
738698
661199
674999
661199
661199
661799
671399
661799
661258
662399
662399
662399
662458
663599
663599
667258
665099
664799
665999
666599
666299
666058
670199
668999
668999
667799
667199
670199
670689
671879
674999
678727
680011
682530
683724
683973
696698
687324
687060
686124
684924
698386
690060
690698
689124
688260
690924
688524
691186
688786
688786
692460
688860
688786
689986
691186
710460
708060
1171342
1174942
1160782
692986
689986
693586
769722
735645
711418
692386
698124
694524
692386
694786
736298
694298
695498
696060
697260
696586
697186
697786
699645
701986
700786
703898
703499
705586
704699
706514
709260
710218
712618
712618
713588
713715
713818
720315
714915
715018
721018
716115
730022
732510
733898
716218
716715
717418
717915
719115
718618
719853
719818
721053
725115
735098
754722
726435
727630
728822
730622
731310
732698
733710
734813
734910
743486
743990
744590
744049
744686
745190
745190
746390
750803
745886
747649
748849
749603
751298
752187
752322
753522
755871
757071
759585
760793
761993
763274
764482
765682
768076
769287
770492
771692
772292
892122
796892
1161982
772892
773492
774092
775292
777692
776492
778892
847722
852522
929322
780092
781292
782492
783692
784892
787292
792092
859122
858992
864522
863990
860322
786092
878922
878922
864522
884322
878922
790892
795692
805892
807092
864522
808292
809492
873392
873522
804092
804692
848192
849590
805292
845322
847722
810692
811892
813092
814292
815492
857322
816692
817892
819092
851792
851922
851922
852522
847722
868122
820292
852522
856122
870522
853190
853722
857322
853722
853722
848322
853722
821492
855392
855522
822692
856790
878390
823892
825092
826292
827492
829292
831092
851322
1250542
832292
832790
833492
833990
834692
835190
847190
835892
836390
848922
837092
837590
838592
838790
839792
839990
840992
841190
842192
842390
843392
874722
859722
857322
843590
828692
844592
844790
845322
830492
845322
870522
845322
845322
845322
845322
848922
848922
930522
845792
845922
845922
1163182
849522
845990
855522
886722
838292
846522
850122
850122
931722
846522
846522
851322
846522
846522
846992
846522
847122
847122
850122
850722
