0
13686
18590
18644
19646
20044
20045
20305
20446
20677
20952
21694
21699
56677
22176
22399
22776
22776
22776
22999
22999
23047
23665
24865
23976
23976
24199
24199
24247
25399
27024
27029
27038
28152
28229
28224
28526
30402
31602
31602
31602
32854
33138
33138
33138
33138
33709
33710
33740
34338
34548
35278
35397
36491
36499
57277
37699
40436
40436
43554
43809
54193
54193
58477
60805
60805
64181
64181
64188
64204
66966
67527
67528
77525
81605
82905
84088
84089
84105
84919
85288
87373
87373
87373
87380
87381
88573
88573
88573
90670
91870
94270
91870
91870
93070
91870
91870
91870
93007
93933
93933
93947
94068
96010
97244
97245
97245
97245
97255
97255
97389
97809
98651
99723
99882
100495
100503
100503
100623
100808
100887
100895
101060
101116
101883
103041
104416
104417
104418
104438
105228
105942
108588
108588
110010
111011
111580
111591
111594
111600
111610
111633
112780
112422
113508
114044
114061
114849
117249
114849
114860
116049
114874
116229
116460
116577
117618
117661
117882
119937
118449
118737
118737
120612
121137
121137
120904
121137
121244
121162
121322
122337
121704
122337
122013
122461
126966
124406
124406
124969
124969
125766
125766
130566
130566
130566
128466
130566
130566
130566
130566
130363
130566
131166
131166
132552
132552
134451
134452
135802
135802
138825
138825
139094
139094
139626
139627
140457
142423
142423
144637
144637
145755
145755
146867
148001
148001
149099
149100
151256
151256
152346
152346
153710
153952
153952
154501
154507
154507
155034
155576
155854
155854
157200
157200
158014
158014
159127
159127
160491
160491
161290
161290
162357
162378
162379
163735
163735
164573
164573
164836
165379
165669
165669
167017
167017
167825
167825
168372
169216
169218
169257
170345
170345
170368
171151
171151
172531
172533
173322
173606
173606
173673
174405
174405
174970
175797
175798
176328
176328
176330
176330
176331
176337
176449
176847
177528
181808
177528
176852
176997
177649
179408
178849
179928
178647
178047
178047
178047
178151
178158
178292
178647
178728
178308
178728
178728
181128
178728
178719
178808
178849
179626
179626
179928
179637
179919
179847
180049
180082
180608
180608
181047
180976
183121
183121
183121
183657
184471
186364
186365
186367
186367
186367
186367
187195
187195
187643
187650
188287
188287
188643
189676
189677
189677
189678
189678
189684
190232
190240
190884
190877
190500
191700
191632
193030
193030
193030
193043
193044
193059
193869
193869
194160
194230
195021
195021
196400
196400
196401
196401
196401
197601
197213
197214
197556
197650
198290
198290
199835
199920
199942
199943
199943
201143
200768
201596
201596
209225
203264
203319
204060
204896
204896
205380
205382
205382
205400
206154
206268
206825
206825
207925
210425
228398
208025
209125
208445
211625
210325
209876
218938
219009
219009
219009
219020
219350
219977
220288
220288
220288
220294
220340
220578
220611
220689
220820
221051
221494
221472
221500
221562
221728
221811
221841
221871
221916
222048
222494
222505
222694
222762
222672
223248
222930
223236
223694
223705
223962
223962
223547
223570
223872
223894
224448
223866
223922
224448
224448
224482
225072
225094
224662
224766
224775
224894
225162
225162
224931
225862
225189
225453
226272
226094
225998
227062
226362
226294
226055
226062
227062
227198
227072
229598
229598
229497
229598
229598
229598
229598
229497
229766
229766
230847
232774
232774
232774
232782
232786
232787
233010
233548
233974
234097
234097
236259
236260
236260
236278
237342
237884
240880
240894
240895
253615
253688
255317
255363
255363
255364
255370
255386
255386
255393
255407
255479
255561
255607
255636
265011
261411
261607
267007
261963
268207
256563
256563
255897
255924
256564
256570
256586
256607
256807
256836
261964
256570
256679
256761
256761
256849
257763
257763
260186
260207
257764
257770
257770
260279
257254
257265
257807
257584
269407
260436
260407
258007
257879
258007
257799
258036
257841
261970
259007
259079
270363
273364
258363
258964
258970
258963
287620
258963
259207
258615
258615
264370
278164
270363
270607
259207
263163
260763
260763
258955
259236
259563
259563
259564
259290
259564
259570
260764
260770
273007
276964
274207
263164
263170
270964
289420
261407
265207
261719
262611
263811
264007
271563
264363
271563
262611
262807
262807
264364
271807
265570
265564
277563
272164
265563
272763
269164
266763
266211
288220
275407
272763
273963
267411
267963
267963
268611
269163
269163
272142
274563
273699
278978
278978
278978
279364
279648
280178
279777
279963
280248
280290
281322
282300
282870
282870
284020
284292
284293
285426
285426
285426
286289
286289
291220
291220
291220
291220
291220
293053
293053
293053
293053
295820
296457
296457
297103
299857
299857
300699
300699
303170
304370
306252
306412
306414
306678
306678
309921
309921
310190
313170
313170
313443
313443
316432
316432
316481
316481
316481
316482
316736
316746
320097
320114
323762
323780
323780
323780
323849
324318
325732
325734
325734
325734
325734
325735
325735
325737
326934
326934
325737
326937
326935
326934
326287
326934
326934
326932
328134
327138
328644
329716
329716
330528
330529
331089
331091
331091
331671
331726
331746
332519
332519
332521
332521
332522
332522
333056
333056
333719
333722
333721
333722
333721
334256
334919
334749
334749
334749
335050
335608
335623
335640
336186
336186
336840
336228
336228
336228
336828
337386
336823
336248
336828
336828
337386
337423
336828
336487
337569
338117
338121
338121
338121
338662
338901
339730
339731
339856
340471
340830
340830
341900
341900
341900
342974
342976
344325
344941
345157
345157
346197
346507
346507
346579
346776
346779
346782
347569
347569
348659
348659
349750
349752
350033
350865
350865
351981
352092
352134
353292
353090
353292
353181
354381
354492
354492
354186
354565
356380
356635
356635
357442
357442
358797
358797
360701
360701
363132
368258
368258
371583
371583
374649
374758
374955
374955
374984
375242
378336
378336
381587
381588
384844
384844
388352
388352
400442
395035
395035
398547
402065
402065
405322
405322
408993
408993
410011
410115
410115
410385
412280
412362
412362
413562
414090
414090
414336
414342
414762
414942
420614
415184
415784
415749
416026
416027
416294
417147
417211
417708
419101
419113
419113
419414
419414
422476
422476
423234
447219
424732
424740
425042
425240
425940
425932
428118
428137
429237
429237
429524
432589
432590
432869
433148
435921
435923
439254
439255
442629
442629
444906
444907
446019
446019
448419
448419
449406
449406
451643
451643
452772
452772
455006
455006
456047
456120
456396
456396
459464
459464
459759
459759
460041
460042
462876
462877
463445
463445
464001
466245
466245
466804
466804
472994
473574
473575
476373
476373
476947
479692
479692
480240
480240
481053
481053
481071
481082
481133
481134
481614
481615
483010
483010
486299
487089
487382
487382
489799
489799
491423
491423
491732
491732
492644
493098
493115
493115
493129
493173
496458
496458
499827
499828
500673
500683
500690
501236
501244
502628
502634
502648
503217
503217
504324
506016
506028
506575
506575
507704
509935
509936
511326
511326
511326
511326
513271
514696
514696
514991
516634
516634
518000
518001
518001
518001
519959
519959
521377
521377
521377
521377
521634
521634
523281
524635
524635
524905
524906
526800
526802
527889
527889
527889
527889
528160
528160
530310
530312
531410
531411
531677
531680
533570
533571
535294
535294
536402
536402
538568
538568
540220
540220
541953
543627
543627
545285
545285
545572
545572
547008
547008
548699
548965
548965
548965
548965
550062
550067
550079
550096
550106
550121
550340
550340
551972
551972
552224
552224
553047
553047
553353
553531
554722
554722
555525
555525
555525
555525
556988
557014
557018
557094
558538
558600
558616
558862
558864
558881
558882
558882
558882
558981
558981
559281
559434
560241
560266
560418
560826
560826
561528
561942
561955
563306
563307
563595
563615
564725
565307
565307
567008
567025
567093
567540
567540
569550
569839
569866
569872
569889
570352
570368
571039
570690
570763
570977
571283
571552
571680
571698
571759
572045
572424
572942
572957
573155
573431
573608
573756
573756
574070
574111
574150
574216
574327
574362
574404
574551
574609
574828
575416
575562
575273
575379
575604
575888
576126
576648
577128
577201
577257
577467
577576
577652
577654
577913
577934
577970
578328
578401
578457
578667
578852
580652
580654
578776
578223
578852
578854
578854
580728
580857
581928
579052
579053
582057
583052
582976
583128
583257
579350
579376
579384
579528
584252
579601
579657
580052
580054
579879
579879
584776
584457
579897
580550
580576
585915
580724
580724
586551
590582
581097
581750
581854
581852
581776
581852
586652
581333
581345
586857
586982
587115
581854
587308
582297
593908
587751
582687
582687
590457
589708
583708
584023
584176
590715
587852
584328
584289
588057
588182
584582
584715
588315
585452
585452
589382
589257
588508
585351
585354
589515
585454
585657
585657
585782
585976
589052
589052
588951
590252
593852
591508
594315
591452
591452
591724
594549
592708
595324
592149
592257
592924
592652
595515
593349
598080
594124
596524
595052
596715
596252
595749
597724
597915
596880
596880
597439
597452
598924
598652
598639
600124
599129
599129
599129
599852
600833
600833
601632
602033
602458
603233
603658
602832
605107
669201
605157
605157
605963
605966
609480
609480
612744
612744
613255
613308
613537
613545
614737
613944
613944
615154
615907
615952
621708
620508
620508
618754
620508
621655
619507
621708
619507
619954
620508
620455
620605
620707
622283
622286
622832
623388
623388
625289
625289
625289
625546
625546
626643
626643
627192
627843
627964
628536
628550
629061
629061
630160
630162
630162
631763
631768
631770
631787
631791
632040
632044
632044
632861
633674
633676
633699
634250
634464
635329
635332
635332
635332
635595
636208
636532
636532
636764
636766
636783
639240
638566
637051
637366
637408
637732
638726
638733
640300
640584
640584
641943
642860
643567
643587
644083
645469
645470
646548
646549
647627
647749
648728
648827
650366
650367
652237
653323
653899
655533
656101
657166
657166
657436
657688
657727
657736
658516
658778
658787
658796
660675
662009
662279
662292
664743
666896
666896
667425
668001
670401
670401
671274
674296
674582
674850
674850
677580
678768
679191
681059
681962
681972
682022
682160
682259
684407
686068
686068
687420
688601
690021
690023
690023
690023
691137
691139
692771
693339
693869
694414
696078
696605
697752
697752
700821
700822
701138
701139
701141
701141
701396
702021
703070
703072
704227
704228
704505
704790
704790
705625
705625
1473486
706456
706456
707591
707856
707859
708134
709118
709528
709565
709791
709798
709798
1449486
709814
709814
710874
711095
711152
711152
711427
711428
712854
712857
713112
713114
714248
714248
714532
714533
714547
714554
714560
714721
714813
716472
716473
717672
717672
717135
717866
717866
717881
717881
718139
718139
718407
719789
719793
721161
721161
721162
721162
723609
724436
724436
724809
724437
727108
727108
727929
727934
727934
727934
730377
731242
731242
731242
731242
732682
733125
733125
733528
733660
734760
734760
737160
735048
735254
735255
735275
735309
735875
735909
735960
735960
736370
736653
737865
736665
737075
736911
738275
738360
738360
738360
739919
739919
740162
740169
740179
740179
740318
740486
741271
741271
742471
741271
743671
743524
744897
744897
744897
744897
745212
746531
746532
746782
746784
747833
748153
748155
751401
751401
754943
754944
758223
758225
759287
759858
760131
760134
760134
760134
760134
760134
761331
761058
761334
761481
761481
762845
763353
763650
763650
763651
763651
763651
763651
764850
764851
764851
766963
766963
766963
766965
766965
768163
768153
767808
768165
768163
770332
770332
770334
770334
770334
770334
771532
771532
771534
771534
773689
773689
773691
774889
773691
774525
774525
774812
774889
777091
777093
777097
777097
778297
777097
778293
778291
778297
779491
780465
780470
780470
781670
781665
780691
781290
781290
781670
781572
783767
783769
783769
783769
783769
784969
784967
784967
784969
784969
787024
787024
787026
788824
787026
1459086
787785
787794
787805
788224
788226
788224
788224
788226
788824
790196
790564
790564
790564
790564
790586
791332
795964
792364
791786
791764
791764
791739
792939
792964
792986
793564
793564
793564
793564
793586
793915
794764
794764
793928
794384
795364
795115
795364
795518
797224
797224
797247
797270
797344
797470
798346
798424
800770
801118
801130
801146
801153
802318
803518
802346
803546
802346
803546
804718
804718
804492
804492
804746
804492
805571
805572
805573
805692
807044
807752
807752
807752
807752
807752
807752
808253
808790
808952
808845
808847
810045
808977
809280
811048
811048
812160
812160
812203
812875
813808
813816
814153
814176
814176
815286
815293
815547
815549
815568
815588
816315
816356
816369
1460286
816620
817117
817127
817697
817699
817863
817931
817938
818919
819029
819029
819030
819034
819594
819595
820160
820229
822378
822378
822393
823578
824778
824598
825798
825760
825762
827938
827941
827941
827941
827943
829035
1451886
829039
829039
831494
831494
831498
831498
831498
831498
832837
832837
832837
1453086
1455486
835051
835053
835053
835053
836139
836141
836141
839438
839439
840629
841658
841658
842786
842787
843867
843877
844749
845947
846058
846058
846058
846345
846357
846618
847123
847125
847125
847125
849529
849529
850650
850652
850653
850654
850656
850683
852841
852841
853973
853974
853974
853976
853976
854041
856221
856224
856227
856227
857410
857410
857410
857410
859621
859625
859671
859671
859672
859677
860697
860699
860699
860701
862966
862972
863009
863012
864073
864166
864078
864078
865733
865753
866016
866331
866346
867546
866366
866933
867531
867531
867531
867531
869042
869614
869625
869662
869667
869667
869750
869967
870257
870267
870925
1461486
870931
871200
871209
871233
873096
873162
873166
873169
873322
873933
874482
874485
874486
874487
874920
875759
1471086
876146
876407
876435
876959
877755
877757
878159
877757
879933
879934
879934
879934
880080
881280
881196
882120
882645
882764
882765
883369
883369
884569
883964
885632
883440
884432
884432
885812
886059
886059
886832
886832
886832
888032
887711
889232
889959
890040
890432
890042
891159
891240
891590
891921
891970
891976
891983
892359
892560
892657
893674
893692
893697
894598
894874
894845
895009
895009
895033
895633
895050
895798
896160
896074
896074
898026
898029
898768
898779
899398
900280
900282
903726
903726
907173
907173
914364
914373
917851
917857
918113
921219
921224
923896
924690
925002
925538
925839
926046
927423
927717
927738
927804
928918
928918
928918
928942
932612
932612
936002
936003
939317
939317
942518
943248
943248
945992
946590
946592
949462
950160
950160
952863
953020
953370
953590
954584
954982
955392
956267
959423
959653
961132
963599
963672
966428
969044
969054
971207
1462686
971959
1463886
974757
976687
976688
976688
977982
978006
989821
989823
993518
993518
993521
1002769
1002771
1002777
1011418
1465086
1012694
1012904
1018251
1018260
1025101
1025101
1027675
1028495
1032001
1035505
1049058
1049067
1049605
1049614
1052588
1055836
1055845
1061531
1062873
1066194
1070773
1072953
1076473
1079986
1083502
1086984
1090252
1093548
1097058
1098412
1098947
1098954
1100842
1100842
1100848
1100849
1101765
1101842
1101874
1102011
1102051
1102188
1103078
1103997
1104183
1104441
1104576
1104588
1105585
1105617
1107072
1107565
1107566
1107567
1108676
1108676
1111200
1111641
1112276
1114198
1114199
1114205
1114738
1116468
1117008
1119724
1120470
1121077
1121077
1121085
1122179
1122979
1123674
1124405
1124410
1127779
1128567
1128906
1128909
1130472
1130543
1131014
1131354
1131645
1131808
1132413
1132524
1132863
1132923
1132931
1133093
1133592
1133780
1133790
1133801
1133855
1134069
1134200
1134226
1134418
1134638
1134654
1134692
1134697
1134698
1135068
1135161
1135401
1135474
1135708
1136025
1136025
1136032
1136034
1136038
1136242
1136333
1136334
1136451
1136556
1136589
1136621
1136646
1137815
1137969
1139410
1140211
1140212
1140221
1143479
1143482
1143487
1143487
1146967
1146967
1146976
1146980
1146983
1146984
1146984
1146987
1148515
1148973
1149610
1150333
1150334
1150334
1150339
1151534
1151533
1151539
1151534
1151534
1152734
1152733
1153737
1153737
1153737
1153737
1154937
1154937
1154937
1154937
1156137
1156137
1156242
1158258
1157337
1157337
1157058
1158537
1157067
1158537
1159458
1157068
1159737
1158977
1160355
1297530
1160362
1161562
1160658
1160364
1161555
1160937
1162023
1166061
1163661
1164872
1173272
1166072
1163672
1163676
1164861
1167261
1168461
1168135
1167272
1169672
1169335
1168472
1172072
1166935
1167261
1172935
1170535
1170238
1170238
1170734
1170872
1170535
1171735
1171438
1170248
1172416
1172638
1174472
1174135
1173760
1174472
1174135
1174472
1174135
1176201
1177102
1466286
1177260
1177280
1177330
1178723
1178730
1178839
1178856
1178981
1178982
1178987
1179323
1179439
1179330
1180181
1180389
1180389
1180389
1180523
1183675
1183675
1185209
1185558
1186399
1186693
1190358
1191493
1190293
1199599
1186980
1188581
1189158
1199632
1187381
1189781
1189999
1189999
1199694
1200894
1201873
1190981
1201999
1190536
1191199
1202094
1191294
1191453
1207158
1192693
1192181
1192399
1192399
1194073
1192409
1192494
1192873
1193599
1195158
1193381
1193599
1193609
1193381
1193694
1193893
1195999
1193958
1194799
1197294
1194581
1198399
1194799
1194809
1194894
1195273
1195365
1195999
1196032
1196094
1196358
1196473
1196521
1197122
1197129
1197199
1197199
1197232
1198399
1198432
1198494
1197558
1198322
1197673
1198873
1203073
1200673
1200799
1200537
1200582
1200799
1200636
1200832
1204034
1204038
1204047
1204060
1204068
1204080
1205238
1205247
1205268
1205280
1205952
1205958
1206538
1208358
1208358
1208358
1208358
1208358
1208358
1208358
1208358
1209558
1209269
1209594
1209870
1210033
1210127
1210153
1210758
1210758
1210743
1212553
1211070
1210839
1211233
1211327
1213753
1211353
1214833
1211958
1211958
1211614
1214953
1211969
1211807
1212270
1212433
1217039
1212527
1224686
1217526
1218239
1218433
1213158
1213158
1218433
1213025
1213179
1213364
1213470
1213633
1218686
1213886
1214358
1218726
1214358
1214225
1214526
1219439
1214670
1215086
1215425
1215558
1219633
1215726
1217833
1216153
1215870
1216033
1215839
1216286
1216171
1216326
1216470
1219633
1221126
1216633
1216633
1220833
1216210
1217486
1217353
1217844
1221086
1219886
1222033
1219926
1219926
1220833
1219869
1220639
1219881
1223172
1223172
1223181
1224372
1223233
1223233
1223233
1224372
1226707
1226718
1226751
1226763
1226779
1226779
1226789
1227907
1230002
1230002
1230012
1230012
1230021
1230023
1230026
1230028
1233286
1233295
1233296
1233303
1233304
1233306
1233306
1236568
1236568
1236574
1236577
1236584
1236586
1237768
1239824
1239824
1239828
1239833
1239840
1239843
1239848
1239850
1242574
1243117
1243130
1243137
1243944
1243944
1245307
1246400
1246401
1246406
1246410
1246417
1246418
1247600
1247264
1247601
1249709
1249710
1249721
1249722
1249731
1249731
1249740
1250922
1250909
1250910
1252140
1250940
1252964
1252964
1252980
1252980
1254614
1254620
1254623
1255824
1254623
1255814
1254624
1254624
1255823
1255820
1257624
1257624
1263184
1257014
1257024
1257023
1257014
1257024
1257014
1257614
1264384
1258824
1260784
1257623
1257623
1260023
1257897
1260023
1258814
1258224
1258823
1258823
1259302
1259584
1259590
1260014
1260014
1262425
1261225
1261984
1261984
1261225
1261225
1265955
1266878
1271161
1271823
1272066
1274436
1275525
1283883
1283889
1300530
1292353
1293759
1293765
1293765
1293768
1293776
1293974
1294324
1294324
1294324
1295166
1295760
1296330
1467486
1469286
1298730
1304130
1300640
1304710
1328121
1328125
1332477
1332766
1332774
1333342
1334384
1334385
1334389
1334389
1334672
1334673
1334676
1334691
1334781
1336400
1337280
1337363
1337586
1337646
1337689
1337707
1338480
1338563
1338786
1338176
1338786
1338786
1342386
1338907
1338902
1345342
1339680
1339763
1339986
1339986
1339986
1340107
1339655
1340880
1340963
1339902
1341183
1339983
1341186
1341186
1342507
1342386
1343586
1343600
1344786
1341186
1341307
1342080
1342163
1344889
1342383
1342386
1342080
1344800
1343363
1343586
1343586
1343280
1344786
1343583
1343586
1344142
1344786
1344563
1344252
1345763
1345464
1345986
1345649
1345986
1345986
1346333
1348386
1346963
1347186
1346492
1347533
1346748
1347186
1347186
1347907
1348163
1348386
1348373
1349363
1348455
1349586
1349586
1349586
1349307
1350563
1350786
1349676
1350786
1350333
1352268
1352814
1352815
1352815
1352825
1352829
1352836
1352876
1353647
1354183
1354185
1354206
1354501
1354563
1354792
1354908
1355311
1355738
1358438
1357676
1356476
1356476
1358101
1358392
1358438
1358911
1358508
1360838
1360711
1359351
1359638
1359592
1360238
1359592
1360551
1361805
1364205
1364311
1362618
1363005
1362626
1363818
1362629
1363829
1366252
1366257
1366257
1366272
1366942
1370037
1370044
1370045
1371237
1371029
1371641
1371648
1372229
1372229
1372229
1372437
1372437
1373032
1373310
1373310
1373311
1373312
1374104
1394996
1397996
1376569
1376578
1376580
1376581
1378143
1378815
1409396
1379275
1379824
1380102
1382818
1385343
1384018
1388637
1386475
1386342
1386610
1389837
1389345
1389618
1389882
1391280
1392640
1392913
1393179
1393448
1396796
1396208
1396796
1396739
1399444
1406996
1399719
1405196
1402695
1405196
1405196
1403238
1405196
1405139
1405139
1408196
1406396
1448886
1406484
1406996
1406485
1426796
1420796
1456686
1412258
1416596
1412534
1420796
1430604
1428204
1412541
1425596
1457886
1418396
1417196
1418396
1418396
1416596
1416596
1419596
1418396
1431804
1413734
1417334
1417196
1429404
1414934
1416134
1416596
1417196
1417196
1417196
1422015
1419596
1417196
1419596
1418396
1417196
1417342
1419596
1419596
1419931
1420796
1421283
1421283
1421996
1421996
1421996
1421996
1423196
1423196
1423196
1424883
1422483
1422483
1423196
1423196
1423196
1424396
1423683
1423683
1424396
1424396
1424396
1425596
1425648
1426083
1426083
1427283
1427004
1427004
1432815
1429160
1429704
1430513
1430514
1431589
1432447
1432956
1433774
1433774
1435725
1436001
1436263
1437084
1437084
1437092
1438958
1438982
1439512
1439783
1440182
1440360
1440360
1440360
1441628
1441686
1442857
1443672
1443672
1443935
1447197
1447197
1450686
1449676
1450686
1450686
1454286
1454286
1490114
1490132
1490146
1490148
1490913
1490924
1491168
1491192
1491473
1493632
1493642
1493643
1496909
1500668
1500668
1500668
1503952
1503952
1507228
1507228
1507443
1507489
1510642
1510642
1511735
1513953
1513953
1515068
1515490
1517300
1517300
1517816
1517823
1517931
1518369
1520229
1520545
1520546
1521643
1523862
1523862
1524947
1526287
1527385
1527385
1527647
1528212
1529344
1530681
1530682
1531512
1534050
1534051
1534502
1534730
1534903
1537471
1537471
1540764
1540764
1542385
1544063
1545678
1547410
1550925
1550925
1552282
1554199
1554199
1555611
1557564
1557564
1558965
1560926
1562283
1564430
1564457
1564458
1565235
1565241
1565784
1565801
1565807
1567953
1567953
1567974
1568208
1568215
1568745
1568749
1568754
1568761
1569022
1569031
1569363
1571454
1571454
1571754
1572277
1573821
1574241
1574996
1574996
1574996
1575545
1575560
1578312
1578312
1578312
1578582
1579122
1579654
1579751
1581345
1581592
1581592
1581592
1581593
1582423
1582614
1584846
1584846
1585940
1586052
1586438
1586482
1587048
1587286
1587707
1588127
1590168
1590827
1590999
1591602
1591602
1592207
1592388
1592463
1592530
1593715
1594864
1594865
1595650
1595666
1598080
1598366
1598366
1598634
1601874
1602149
1605147
1605411
1605675
1605693
1607312
1608403
1608927
1611900
1612186
1615412
1615683
1622493
1625458
1625990
1627902
1628959
1631394
1631664
1632213
1634900
1635183
1635749
1638283
1638573
1638837
1639097
1639106
1639106
1639107
1639129
1639137
1639644
1639773
1641579
1641855
1642401
1642674
1643202
1643203
1643209
1643225
1643792
1643808
1643999
1644876
1645144
1645357
1764852
1646222
1646244
1646249
1646304
1646494
1646505
1646511
1646944
1647094
1647304
1647422
1648668
1686824
1648810
1648962
1649244
1650258
1650471
1651095
1651233
1651293
1651325
1651365
1653093
1652058
1651716
1652058
1651902
1653033
1652039
1652162
1653504
1652895
1653033
1653858
1653839
1656226
1656702
1657104
1656962
1657426
1658372
1658493
1658673
1659336
1659569
1659593
1659714
1659725
1660914
1660562
1660536
1660769
1660804
1660919
1660982
1661049
1661237
1661433
1662004
1661736
1662114
1661638
1662163
1662581
1663006
1663007
1663493
1664515
1664609
1664634
1664928
1664951
1664955
1665410
1665715
1665411
1665411
1665411
1665411
1665411
1666611
1667811
1665873
1666230
1668273
1666230
1666230
1666915
1666890
1667430
1667073
1667073
1668003
1668630
1668413
1669011
1669011
1669473
1669473
1673073
1669830
1670211
1670211
1669781
1670673
1669501
1670673
1671028
1671030
1671411
1669764
1671411
1671715
1671873
1669828
1671873
1673073
1670490
1670843
1672228
1672230
1672611
1671719
1672611
1676515
1672915
1673428
1673126
1673430
1673811
1673811
1674115
1674628
1675011
1674630
1675011
1675315
1675048
1675203
1675828
1675830
1676211
1676372
1676132
1676403
1677028
1677411
1677102
1767252
1677757
1678563
1678586
1678586
1678593
1678851
1679113
1679786
1680217
1680217
1680487
1680751
1680799
1688024
1681847
1682097
1682634
1682906
1683465
1683986
1685338
1685356
1685624
1689224
1689224
1689224
1689224
1689224
1689690
1769652
1692142
1692142
1692146
1692150
1692957
1694303
1695662
1695663
1695663
1695663
1696466
1699164
1699164
1699164
1699170
1699978
1702139
1776852
1702680
1702695
1702695
1702698
1703485
1704833
1704840
1705040
1706453
1706453
1770852
1706454
1709709
1709710
1711845
1712635
1713241
1714441
1713814
1715641
1772052
1716841
1717845
1717845
1717086
1717352
1719045
1717845
1717845
1717845
1718434
1718440
1720082
1728645
1720792
1729845
1720914
1722714
1721282
1723914
1722114
1721282
1726245
1726245
1726245
1727514
1723354
1726245
1727992
1726245
1726245
1759452
1758852
1725714
1725114
1735914
1737045
1726245
1726314
1727445
1728645
1727514
1727445
1727445
1727445
1727445
1728645
1729845
1735845
1728645
1734714
1737045
1740410
1742810
1743045
1741914
1741610
1744084
1744084
1744355
1744939
1745284
1746674
1746680
1746727
1746745
1746780
1750380
1750327
1750792
1761252
1751445
1747030
1750345
1747391
1749592
1753980
1753245
1748830
1760052
1752745
1750245
1748447
1750245
1749843
1755180
1750663
1752127
1754392
1755045
1756245
1755727
1760882
1761750
1762082
1766052
1768452
1774452
1774452
1784052
1784172
1784445
1784985
1787679
1787944
1791468
1792011
1794968
1794975
1795542
1795549
1795780
1795788
1796876
1797703
1798228
1798766
1798786
1799039
1799870
1800400
1800966
1802027
1802330
1802843
1803115
1803123
1803663
1804245
1804467
1804757
1804797
1805068
1805181
1805377
1806577
1808067
1807443
1808067
1809267
1808067
1808067
1808668
1809045
1810392
1810945
1811488
1811637
1812104
1812195
1812437
1812484
1812738
1812837
1829237
1812929
1813304
1813188
1813637
1813684
1813938
1814037
1814037
1831177
1833237
1814837
1814884
1815138
1816037
1815237
1832377
1815237
1816084
1816437
1827237
1817637
1824437
1818437
1816338
1818837
1828037
1824837
1828437
1834777
1817237
1817237
1817284
1835977
1828777
1822037
1818437
1822037
1818484
1819637
1819637
1828177
1819684
1819637
1820037
1825637
1820837
1820837
1822437
1820884
1821237
1826837
1822710
1823637
1823237
1823237
1858777
1828777
1826037
1826037
1826014
1827138
1829637
1827378
1829977
1829977
1829977
1829977
1829826
1830051
1830437
1831026
1834437
1834437
1833316
1833577
1833577
1836568
1836568
1836574
1837177
1839526
1839534
1840071
1841271
1840072
1840072
1840073
1841413
1843589
1843589
1843589
1843590
1843597
1847087
1847088
1847353
1848716
1848978
1848978
1850349
1853854
1853876
1853876
1853876
1859977
1860893
1860893
1860893
1862514
1862783
1864143
1864143
1864143
1865476
1866030
1867646
1869262
1869536
1870892
1870892
1872603
1872875
1872882
1874229
1874229
1875312
1875849
1876135
1876693
1880602
1876969
1877499
1877499
1877783
1877893
1878605
1879402
1881202
1880765
1881202
1881202
1881202
1881216
1882297
1882413
1882419
1882419
1949037
1882968
1883134
1883205
1883506
1883593
1884057
1884058
1885319
1885716
1885896
1886550
1886556
1887400
1887400
1888461
1888775
1889094
1889330
1890209
1890774
1891845
1892394
1894030
1894698
1895242
1895659
1896083
1896153
1896859
1897024
1897324
1898059
1898968
1900045
1900598
1900598
1900627
1901091
1902483
1903567
1903846
1903851
1905087
1905805
1906277
1907205
1907205
1908657
1908664
1909215
1910300
1910582
1910582
1912465
1912500
1914086
1915722
1917318
1917325
1917589
1917589
1918277
1919214
1919239
1920555
1920835
1920835
1924070
1924339
1924339
1927356
1927630
1927631
1930759
1931031
1950237
1934060
1934330
1934332
1937403
1937674
1937674
1940771
1941061
1941061
1944060
1944320
1944320
1947563
1947837
1947837
1951437
1951437
1951437
1951437
1951642
1953833
1954115
1954392
1954392
1954645
1954902
1954909
1955720
1955727
1956966
1957015
1957104
1957373
1957599
1957646
1957646
1958394
1958394
2107670
1960365
1960371
1960671
1960935
1960942
1960942
1962742
1962142
1961487
1961531
1962049
1963942
1963942
1963942
1963261
1982514
1963942
1963746
1963942
1963942
1965405
1965142
1965142
1964205
1965184
1966903
1966915
1967083
1967205
1972903
1968103
1968103
1968405
1968405
1967944
1976930
2104387
1969303
1968907
1970205
1972005
1969477
1971415
1971999
1970503
1971142
1973994
1972794
1971703
1975130
1973799
1972342
1973215
1973542
1973930
1974703
2090774
1974703
1974789
1975241
1975605
1975794
1975973
1977194
1978730
1977715
1978085
1978394
1978251
1980462
1980482
1980756
1980756
1981314
1981828
1983743
1984009
1984053
1984073
1985088
1986549
1986565
1987095
1987340
1988141
1988424
1990890
1991448
1991717
1993509
1993983
1994256
1994422
1994795
1995456
1995351
1995537
1997243
1997252
1998050
1998319
2000732
2000764
2000764
2001840
2001840
2004261
2004261
2005361
2005361
2007551
2007551
2008685
2008685
2010834
2010834
2012186
2012186
2094300
2014089
2015472
2015472
2017369
2017369
2018728
2018728
2020620
2020621
2022272
2022272
2023899
2023899
2025531
2032444
2032706
2033306
2033874
2035878
2035879
2037240
2037240
2038308
2097590
2038847
2039133
2039670
2039675
2040759
2040759
2041583
2041590
2041598
2041750
2041868
2042669
2044038
2045937
2045937
2047301
2047301
2049238
2049238
2050583
2050584
2052519
2052520
2053912
2053936
2055136
2056336
2055816
2057440
2057441
2059088
2059088
2060970
2060970
2062583
2062583
2064476
2064483
2064489
2065676
2066099
2066100
2067987
2067987
2069615
2069615
2071235
2071235
2073110
2073119
2073125
2073710
2074538
2074538
2075103
2100873
2077803
2077803
2079738
2079738
2081140
2081140
2083032
2084664
2086332
2086332
2087960
2087960
2089574
2089574
2091974
2093100
2095500
2095500
2096390
2096390
2098790
2098790
2099673
2102073
2102073
2103186
2103187
2106187
2106187
2106470
2106470
2118470
2118470
2118470
2118470
2118470
2118470
2118470
2118470
2118470
2119670
2119070
2118470
2120870
2119670
2118470
2119670
2118470
2118470
2119070
2118470
2118470
2118470
2119670
2119551
2119557
2119670
2120270
2120270
2120270
2120270
2120974
2120974
2123163
2123163
2350054
2127646
2130895
2134150
2137550
2137797
2140881
2141153
2142281
2142288
2144181
2144450
2147726
2147726
2148194
2148195
2148196
2148197
2148198
2237360
2148199
2238690
2148201
2148201
2193198
2148926
2148926
2242395
2148926
2193201
2163470
2148926
2196795
2228214
2193197
2193926
2193324
2305054
2351254
2225726
2148926
2226322
2148926
2163326
2148926
2196926
2166926
2148926
2209996
2166926
2182526
2148926
2211326
2148926
2182526
2148926
2193195
2276254
2193196
2290654
2163326
2155670
2155670
2159270
2157039
2159870
2161070
2162270
2180972
2177870
2181326
2181326
2182172
2177870
2177870
2177870
2180372
2178470
2177870
2177870
2179070
2179172
2183372
2184572
2185772
2193194
2186972
2193194
2188090
2188111
2188641
2188642
2190924
2191524
2193195
2189175
2189724
2192124
2192124
2192175
2192175
2192985
2194395
2194394
2194394
2195594
2194868
2197994
2195594
2196195
2196794
2195709
2196098
2196232
2196232
2197170
2197588
2209998
2197656
2208801
2207595
2198385
2207596
2207598
2198674
2198730
2199475
2207601
2200299
2207601
2201632
2209635
2210001
2208435
2202986
2208795
2204835
2208796
2208798
2206494
2207015
2207311
2211195
2208801
2209995
2209820
2211195
2212395
2212395
2225360
2216835
2216001
2213082
2221994
2219601
2225594
2217201
2214162
2222835
2214975
2214981
2216455
2218035
2218401
2219235
2219594
2224401
2219398
2220435
2220794
2220237
2220240
2221635
2221605
2221605
2222960
2223201
2224160
2224396
2225596
2225122
2225122
2227014
2228001
2232560
2232794
2230973
2233760
2236160
2239995
2234960
2234232
2234960
2234787
2235432
2235616
2237490
2238847
2239110
2241195
2241591
2256795
2242956
2244316
2256795
2259795
2257395
2248488
2259195
2257395
2250450
2259795
2257995
2253731
2253744
2257995
2256795
2256795
2253808
2254014
2260395
2258595
2258595
2257395
2257554
2259195
2260800
2261082
2262199
2263020
2264423
2264969
2266124
2266421
2266428
2267021
2266431
2267028
2267324
2267631
2268221
2268524
2268333
2269939
2269939
2270218
2271633
2272209
2272216
2272796
2273080
2273206
2273342
2273342
2273646
2273652
2273653
2274502
2275054
2276197
2276204
2276469
2277069
2282360
2277397
2283560
2277404
2283690
2278477
2280127
2282360
2280396
2283690
2284760
2284890
2284890
2285960
2284529
2285056
2286684
2286685
2287160
2287825
2288659
2288958
2289014
2290067
2290067
2290349
2291267
2292054
2293161
2293428
2293696
2293980
2294333
2294559
2295403
2296510
2296791
2297055
2297367
2297991
2298255
2298231
2298820
2299646
2300179
2300456
2300720
2301259
2302906
2303158
2303685
2303955
2304231
2304770
2305584
2306123
2306403
2307205
2307205
2307261
2307738
2308027
2309752
2310610
2310611
2311191
2311470
2312601
2312670
2313201
2313153
2313406
2313952
2314401
2315601
2315844
2316411
2317260
2317260
2318113
2319245
2319813
2320647
2320647
2321514
