0
512
512
512
513
513
513
513
513
513
1746
2815
5584
6411
6411
10115
11597
13871
14071
14690
15821
16652
17338
19223
19631
20146
22187
23544
24540
26039
26057
31754
31754
40602
40602
40602
45399
45399
45412
50971
51455
51455
52194
53015
53016
57211
57212
57214
61313
64418
66513
66513
70105
71176
71215
76236
76236
76237
85547
85549
85549
92783
92784
92784
96942
96942
96944
97564
97570
109850
110603
110824
111391
112083
113258
113862
115379
116036
116037
116037
116040
116414
116432
116432
116439
116470
116474
116719
116900
116919
116941
117219
117476
118055
118062
118144
118169
118169
118169
118169
118169
118169
118169
118170
118170
118170
118170
118170
118170
118170
118170
118171
121286
122970
118171
118171
123570
123570
122970
119276
119276
119276
119876
122971
122370
124769
124141
124119
123476
123293
118384
118384
125300
126500
126500
127170
124886
127169
125876
125319
124769
124769
121676
119876
119276
119093
119276
118493
121769
119876
121769
120476
121770
119876
119276
122876
122369
123569
123570
122369
124769
119276
120476
122370
120893
121676
121676
121770
121770
121076
121771
122093
122276
119693
122369
124770
122370
122369
122370
125300
123569
122369
125969
120086
120476
125970
122370
123569
120476
120476
120476
132086
133286
121076
122369
122369
122369
122369
122894
124100
124100
124100
124119
124100
124100
124100
124100
123816
124676
123828
124100
124100
134369
134486
124100
123864
124100
124100
124769
124704
124705
124769
125612
125974
126380
127170
126403
126404
126570
126570
126570
126415
126500
127501
127501
127537
127537
127537
127537
127547
127550
127553
127564
127569
127579
127594
127610
127615
127635
127639
127651
127661
127661
130030
130030
130031
130031
130031
130031
130031
130031
130031
130031
130031
130031
130031
130032
130032
130032
130032
130032
130032
130032
130032
130032
130108
131221
131221
131222
131222
131233
131243
131254
131260
131264
131268
131273
131275
132470
132792
132852
133508
134030
134057
135569
135569
134988
135569
134991
135569
135569
135569
136209
136209
136210
136210
136210
136210
136210
136210
136210
137579
137757
137763
137763
137767
138683
138683
138695
138706
138708
138719
138720
139950
139962
139983
139984
139984
139984
139984
139985
140015
140311
141782
142442
142475
142480
142482
142487
143623
143623
143623
143623
143623
143623
143623
143623
145719
145719
145719
146327
146327
146348
146360
147516
147516
147516
147517
147517
147517
147666
148560
148984
149442
149445
149448
149620
149620
149920
150227
3201078
150236
150245
151147
151147
151147
151148
152413
153990
154000
154113
154880
156426
156426
156426
156428
156872
156875
157326
157330
157330
157330
157644
157645
157654
157662
158592
158592
158593
158593
158593
159534
160096
161019
161019
161019
163820
163820
164120
164747
165091
165100
165983
165983
165983
165983
167538
167538
168506
168506
168506
168506
168796
168796
168804
168810
168817
169724
169725
171222
172121
172121
172121
172121
172425
172425
172434
173363
173364
173364
173364
175225
175848
175848
176176
176177
176183
176187
176194
177103
177104
177104
177104
177104
178638
178956
178956
179582
179582
179896
179904
179908
179914
180821
180822
180822
180822
182618
182627
182627
183528
183528
183537
183538
183545
184440
184440
184440
184440
184440
186250
186560
186560
186881
186881
187197
187198
187205
187209
187215
188122
188122
188122
188122
188122
188122
189636
189636
190541
190541
190846
190846
190855
190858
190867
190870
191777
191777
191777
191777
191777
191777
193598
193598
193598
193598
193897
194197
194197
194509
194518
194522
194534
195402
195402
195402
195402
195402
195721
196899
196907
196908
197498
197498
197721
197826
198134
198135
198148
198168
198201
198254
198457
198458
198458
198458
198458
199045
199045
199045
199045
199045
199338
199542
199911
200583
200757
200892
200909
200925
201185
201185
201815
201828
201830
201839
201840
201847
201929
201929
202192
202297
202329
202416
202441
202443
202443
202686
202778
202837
202882
203000
203025
203227
203362
203403
203411
203421
203622
204562
204563
204563
204563
204563
204570
204570
204571
204572
204572
204572
204592
204724
204735
204735
204757
205124
205124
205124
205124
205125
205125
205135
205136
205428
205428
205428
205437
205437
205437
205472
676740
205472
205472
205472
205472
205472
205472
205473
205473
205473
206628
205473
205473
205473
205473
205473
205473
205474
205474
205474
205474
205474
205905
206014
206014
206021
206023
206031
206041
206078
206127
206141
206156
206164
206175
206970
206970
206970
206970
207165
207283
208838
208838
208838
208838
209773
209788
209798
209800
209806
209809
210053
210686
210686
210686
210686
211001
211310
211332
211338
211776
212002
212127
212412
212554
212554
212554
212554
212554
212555
213505
213754
213754
214954
214954
216154
216154
219732
219754
220954
293028
293028
294872
294872
295428
293028
295428
295428
293028
293028
217354
216230
216354
216529
216529
217354
216862
217354
217354
217354
217159
217535
217729
218532
218532
217766
217778
218554
218554
218554
218532
218532
218364
219719
220932
219866
220932
220932
221376
221376
222154
221386
222154
222154
222154
221671
222132
222132
223216
223216
223216
223554
223319
223354
224416
224416
223354
223332
223354
223354
224532
229310
228110
226365
224554
224286
224554
224448
225738
225738
228711
228390
224652
228138
228132
224652
228132
224652
226365
225754
225754
225165
224754
229557
224754
229297
229290
225616
271354
228110
237738
227565
226686
225165
225165
225165
225165
225616
225486
225754
225732
294228
225695
225738
225710
226938
226954
226816
226932
226893
226938
226910
227190
227565
227565
228110
228090
228765
229253
229253
228992
228992
229326
229327
229327
229329
229337
229354
232365
230529
231754
270765
231754
231935
232129
315873
341105
369272
313428
294273
345828
346472
296072
347073
347073
347783
347783
349428
349428
349428
299028
350532
299672
355428
357828
371028
358472
295428
366228
295473
369383
240513
368673
295473
368673
235354
229829
230510
229829
235905
229829
231710
230192
230416
230527
230453
231710
230554
230510
230510
232910
232620
233504
234154
233505
233505
234705
234138
235338
234109
234598
271713
236538
236507
237401
237401
238005
238005
238005
238005
238304
238304
240429
240429
240755
240755
240769
240769
242829
242829
244229
244229
241629
241629
244229
253535
256229
253729
244927
250229
257313
256365
250910
253329
258154
257505
253829
256113
244229
244229
245429
261754
269429
292472
270335
271310
271354
244853
244853
259316
260554
244592
244816
253354
246629
257313
244229
258116
245429
293028
293028
374583
252629
251429
246110
246110
246629
246629
246629
247310
247310
247829
247829
247829
248510
248510
249029
249029
249029
249710
253354
249710
250229
250229
253829
254416
254913
254554
254529
250910
254913
255029
251792
252110
252016
252129
252129
253310
253216
252992
253329
255165
293072
253965
255616
255754
294272
293073
255729
255716
258513
258154
256113
256816
256954
256929
256954
256916
259354
260913
294228
259316
259253
259713
259713
260554
260516
262113
270154
293028
260453
261716
261653
261716
262916
264053
262853
264513
269313
263313
263313
265713
265310
265732
266932
266913
266510
264532
267754
267653
266516
269332
268132
267710
268113
267935
294228
268229
268954
268910
269135
293028
270110
270110
270629
293028
293073
276532
292472
293073
272932
272554
272089
273754
276116
276154
273586
273716
274132
274954
274954
274786
274916
275332
275332
275093
275093
275693
275693
277732
277732
277231
277231
277732
277732
282154
280831
277732
278431
278932
278431
279716
278932
279754
279631
293672
279631
279754
280132
293028
292472
280916
280839
280839
280954
280954
281332
282039
282031
282031
281786
282116
282650
282532
282532
297828
294272
294272
295428
295231
282650
282650
294872
294872
294828
299672
299635
299074
299073
295694
295694
369828
350072
380672
284186
283316
295428
295428
283231
282986
283239
283231
283354
283354
284439
283732
284554
284431
284431
295428
295428
295428
299028
295428
284654
284654
297828
284554
284548
286954
291874
284932
284932
292250
287332
286954
285754
285754
285631
285639
285748
285639
287431
287450
286250
286231
294273
294228
291873
291873
291873
286839
286132
286132
286948
291873
286132
288148
288154
291874
291873
288650
294228
289354
289850
292354
290554
288039
288532
288532
288631
292472
289239
291050
290439
291873
289082
289239
291872
292472
292365
291872
291872
291872
291872
294228
291872
294228
294228
289831
289732
289750
291031
290932
291031
291031
291031
291031
291873
291873
291873
291873
291873
291854
291854
291854
291854
292132
292132
292132
291874
291874
291874
291874
291874
291874
291873
292132
299672
311154
296673
296072
295965
311052
311028
296900
292231
292132
377076
376947
379428
379428
363905
377570
379428
355338
296900
292231
293072
293072
293072
293072
293072
292454
293074
292454
293074
312154
312138
293074
293074
311656
336648
311350
313454
339828
312154
291873
291873
291754
291872
291872
291872
291854
291754
291754
291872
291872
291872
291872
291872
291872
291872
291872
291872
293028
293028
377840
377940
378147
313086
293072
293072
293072
293565
293628
293565
293672
293672
293672
293672
294165
294765
294765
294850
294872
295473
296072
296035
296128
297754
297235
297639
297272
298472
297754
297828
298435
298472
298839
298812
298812
298812
298812
298472
298472
298472
298472
298472
298472
298472
298472
298472
298472
298472
298472
298472
298472
298472
298472
298812
298812
298812
298472
298472
298472
298472
298812
298812
298812
299335
299335
299640
299640
299641
299791
300476
300837
300838
300840
300849
300851
300859
301761
301761
301865
302329
302329
302330
302330
302374
302440
302972
302973
302973
302974
303091
303255
303256
303256
303467
303505
303762
303763
303766
303766
306228
306228
306228
306228
306228
304456
306228
306228
306228
306228
305429
305429
306228
306228
311028
306335
306228
306228
306228
306228
308628
307428
307428
308628
307310
307354
311028
310848
308369
307428
307428
309828
308565
307042
307042
318228
309828
309828
311028
308369
307965
311028
311028
313428
311073
309828
309828
308510
308554
309873
309828
309828
311028
311028
313428
311073
309754
309710
309710
309873
309828
309574
309828
309828
309814
310449
310456
310456
310456
310456
310486
310674
310733
310735
311986
311988
311988
312003
312005
312285
312892
312893
313348
313415
313535
313535
371028
314086
314532
314242
314532
314582
314628
314510
315697
314538
314735
317073
315690
315569
382365
315442
315286
315111
314729
315765
315738
315286
315738
315710
314790
317157
314735
335672
314790
314790
314790
317672
317672
317582
317450
315111
315732
336648
317028
315957
316382
316897
316897
316910
317028
317028
318097
318048
321272
321360
322248
322248
324045
324138
325297
317779
318273
325310
325428
325428
325428
325428
325428
325428
325428
318273
318273
325428
318273
318273
318273
319248
319297
318273
320466
325428
325428
335028
325428
327828
328428
320628
328472
320628
328472
328654
318097
318228
335028
335028
318228
318228
318228
318097
318097
318228
318228
318228
318110
318110
320628
318273
320628
320628
320628
335028
320628
320628
318273
318273
320628
329028
329028
332673
332673
321272
332673
332673
334866
335028
335028
321272
318731
319248
318732
319614
319615
319615
319679
319845
319947
319947
320466
320466
320543
320546
320628
320628
320628
320628
320628
320628
320628
320628
320628
321784
322245
322067
325667
323867
325428
327828
327228
327228
329511
329672
329672
329672
329672
333697
330126
329672
329672
332179
332179
335028
332628
332673
332673
335760
332673
333697
333648
335672
335028
335672
335672
337473
337473
337473
339828
339828
339828
338445
339828
339828
338445
338538
339828
339645
339828
339828
339645
339697
339697
339710
339710
339738
339828
339905
340205
340938
341028
340897
340910
340845
341028
341028
341028
341028
341028
341028
342228
342097
342045
342228
602673
342187
344532
342828
342872
344072
343245
343428
344254
343428
344072
343428
343428
603873
342828
342872
342872
342924
343054
343297
343297
343583
343911
344028
344783
344628
344445
344874
345272
345111
605073
346583
345272
345732
346932
352434
356628
361428
359868
362628
363828
361429
362705
363145
365028
365854
366228
366237
368072
367428
367428
367428
368463
368628
368628
368628
369383
369383
369391
369663
370370
370398
370583
370583
370826
371160
371214
371242
374240
377028
371840
371840
372132
372132
373383
373332
373040
372626
373970
376740
373332
376947
375440
373040
372960
654568
655768
373332
373332
373332
373826
373826
373826
373726
374532
666568
378228
374160
374163
375732
375540
376640
375642
375732
375643
375909
375909
376511
378434
378472
387556
387686
387714
387865
388396
388457
388465
388478
388478
388478
388478
388478
388478
388478
388478
388478
388496
390878
388762
388829
389065
389678
389678
390273
392678
389678
389678
389678
392672
389678
389678
389678
389678
389678
390273
389696
390878
390265
392800
390983
389833
390029
390273
390878
390273
390400
390872
390872
390872
392673
390872
391600
390872
390878
390878
390878
390872
390992
391050
391229
391473
391473
391465
391473
391473
658168
392429
467072
392072
392072
392078
391877
392078
392072
392078
392183
392078
392072
392183
392078
392072
392628
392078
392192
392183
393442
393444
393444
393444
393444
397554
394000
393878
400829
400644
400644
397452
400644
401073
401073
408278
401072
401072
401072
400829
394000
408273
393629
408278
401078
393629
397750
401078
394000
401078
394000
401078
401073
401200
398554
398056
398056
401200
408278
401190
401129
401078
399486
394000
393629
398554
394000
394000
398554
401200
393629
394000
401200
394000
394000
408400
401200
401200
393629
394000
401686
401200
393629
393629
408400
408400
394000
399828
394000
399486
394000
402110
401969
401842
393629
399828
395783
395783
402138
399828
399828
395783
399828
395672
402363
393629
393629
399854
415600
397428
397428
402138
399854
403557
408400
402983
393878
400644
400642
409338
408228
393878
397452
393878
409044
408228
393872
393872
393872
393872
393872
393872
393872
393872
393872
393872
393872
393872
393872
393872
393872
393872
393872
393872
393872
393872
393872
393872
393872
393872
393872
393872
393872
393872
393872
393872
393872
393872
393872
393872
393872
393872
393872
393872
393872
393872
393872
393873
393873
393873
393872
393872
393872
393872
393872
393872
393872
393873
393873
393873
393873
393873
393873
393873
393873
393873
393873
393873
393873
393873
393873
393873
393873
393873
393873
393873
393873
393873
393873
393873
393873
393873
393873
393873
393873
393873
393873
393873
393873
393873
393873
393873
393873
393873
393878
393873
393873
393873
393873
393873
393873
393873
393873
393878
393878
393878
393878
393878
393878
393878
393878
393878
393878
393878
393878
393878
393878
393878
393878
393878
393878
393878
393878
393878
393878
393878
393878
393878
393878
393878
393878
393878
393878
393878
393878
393878
393878
393878
393878
393878
393878
393878
393878
393878
393878
393878
393878
393878
393878
393878
393878
393878
393878
393878
393878
393878
393878
393878
393878
393878
394131
394178
395596
395596
395596
395596
395617
396558
397377
397377
397602
398217
398538
398538
398538
398538
398538
398538
398538
398538
398538
398923
398994
401297
401303
401924
401925
402044
402647
402648
402649
402650
402651
402652
402653
402796
402796
402872
402872
402872
402872
402872
402872
402872
402872
402983
402983
402983
402983
402983
402983
403038
403038
403038
403038
403038
403038
403038
403038
403038
403473
403473
403473
403473
403473
403473
403473
403473
403473
403473
403473
403473
403473
403473
403844
404072
404072
404072
402983
402983
404072
404072
404072
404072
404072
404072
404072
404072
404072
468765
405182
578628
422754
469338
572340
469600
470054
471029
415478
404950
404950
475965
516765
481505
575526
576273
482547
476628
483440
517472
492272
510228
568000
517473
519252
483828
495828
497028
519828
667768
404652
404652
404754
404754
403473
404754
404754
404754
404754
416244
477872
416538
575844
422800
422950
423048
524069
529154
530672
530800
530968
535965
537165
537252
490000
483540
485570
497565
423182
423754
426650
426856
426872
426886
427042
427086
427169
427229
427310
427473
427529
427563
427590
427600
427713
430000
431052
431157
431654
431672
431783
431844
432029
432138
432228
432615
432754
432754
438400
438872
440950
441048
441182
443054
443073
443673
443678
443844
443844
444138
444650
403982
403850
444856
404072
444872
444886
445042
537540
537828
540273
491028
483747
499472
567457
546400
547154
547347
549738
550000
550168
551940
553965
555252
555540
555828
557526
558273
404072
404072
405272
405256
404652
405754
405754
445310
445472
445472
445473
405256
405754
406686
407054
407450
407842
408273
408278
408329
445529
445563
445590
405828
445600
445713
446286
446369
405852
406456
406472
408329
408390
404628
408390
408400
404628
408400
408513
446628
446628
406686
446673
446673
406954
406954
447438
407028
407028
407028
408513
447878
407028
447878
448472
448472
448954
449052
449078
449154
449157
449654
449783
449844
450029
450228
450400
450400
450615
407052
450629
450629
450738
450754
450754
451338
405050
408650
408856
408856
408872
408872
405050
451600
405182
408886
408886
409044
409086
458950
459048
459182
407054
459239
459828
460472
460657
407656
461073
461105
461672
461673
461678
409086
409169
409169
461844
409229
409310
461844
409310
409338
409354
461903
409354
409354
409428
409428
463042
463310
463473
463505
409563
408273
407028
408272
408272
409229
408272
406382
408254
408252
463505
463529
463563
409563
406250
407672
407844
407844
407844
463590
407844
406250
463600
411383
413157
463713
407886
413783
416654
420788
463850
464056
464072
464086
464369
565473
464628
464673
464673
465272
413783
414228
414228
465438
465440
465440
465486
465540
566547
465540
420872
465747
408228
414615
465747
421042
415473
421473
465828
465828
465878
465878
466472
482673
466472
466947
466954
467028
467052
467072
407450
408154
408029
408029
467072
467078
467157
422238
467570
467570
408154
408228
409044
409044
409042
410244
410242
410183
410183
410244
412642
411442
411383
410757
411828
412644
411444
411444
411957
412583
413157
413582
413415
413415
413415
481713
467783
467844
468615
468738
468765
468824
469428
470554
470654
416429
470800
471276
472365
473676
474086
474114
474431
483878
474857
477182
477239
477872
480272
480273
480305
480873
480878
481042
481044
481473
481529
431072
431078
432228
466947
445428
467028
424000
467028
431028
485072
476628
474400
468765
477872
481428
415472
415478
415473
415473
415478
415478
415472
421044
415472
415478
415428
415428
415454
415428
415452
415428
415472
423272
415600
422800
416244
416429
416538
416628
416628
416628
416652
416244
416244
417188
427428
418644
417444
417444
418028
421038
431028
419844
429878
428628
419844
419842
422072
422800
427354
425054
426329
426273
426228
426228
425842
426390
426400
426513
496457
496031
496365
429872
429873
429828
429828
429828
429872
429872
429873
429878
430644
430454
430829
430938
433473
438029
436644
436644
436478
436473
435873
435854
435738
434673
434654
435444
434538
434244
433473
435278
435273
441738
440072
442938
442000
436472
436472
436472
437200
439600
438400
438400
438872
437672
437672
451505
443200
439473
450872
440800
440238
441272
440072
440072
441272
440800
440754
440673
661768
442938
451600
442472
442472
441954
441754
660568
444138
444138
445229
445169
445086
481428
446678
445478
448000
449200
446198
446570
446939
447438
447438
447560
447738
447738
447576
447878
447738
447738
449672
448938
448938
450305
450138
450400
465828
451338
452538
454938
452538
454057
457428
456228
452538
453738
453738
452857
453738
453738
453738
459272
458800
465876
456400
456138
459828
462228
461200
460000
459905
463347
662968
481563
456872
466000
567954
457338
458072
458039
458072
461028
458186
458628
458628
458705
458538
458201
458538
458538
458538
458547
458594
463472
459828
459457
463600
463476
463428
464547
464547
463970
464628
664168
467028
465828
460472
461105
460703
461054
460970
461028
461028
461028
462138
461672
461672
462138
462400
462305
462305
462650
462400
462400
462856
462886
462872
464628
483165
665368
465170
464800
464240
464240
464676
465747
464240
464240
464340
464286
571038
485157
485078
485052
568472
568168
465486
465440
573828
489029
488800
572028
571965
571619
571452
465540
488800
571347
489383
516873
513828
499505
495872
495828
465828
465747
465709
466370
466031
466031
466370
466370
466370
466370
467154
467231
467654
467624
468029
468228
468029
468400
468254
769947
468629
468400
468400
468765
468765
468754
468854
468854
469229
469454
474228
659368
577428
469829
469755
469829
471029
470554
471276
471276
489444
481850
481600
475162
481590
474876
472476
489783
489783
482369
482086
482072
482072
482056
489444
515073
472476
489828
476538
472365
473200
473200
475428
474228
472000
472365
472476
472476
473200
482547
479072
476628
515840
490215
489923
473087
490424
480272
490365
483272
479628
483272
490338
482628
473565
479073
490304
474154
483438
580365
582876
516228
516147
474865
483486
492254
492154
483828
491448
491350
491028
491028
474865
490965
474865
492400
484472
484472
585457
473320
473320
473652
473676
473676
473676
473676
473676
473676
473676
474849
474852
474865
475148
475148
475162
475162
475162
475162
475162
475162
476628
476628
476362
476950
477048
477828
477562
477872
477828
477828
477562
477274
477872
517042
495714
479072
479073
478472
478657
494076
493965
516273
595140
478657
484947
478472
590340
481347
481310
479066
495276
485028
481154
495165
484954
480562
494303
495686
481554
480228
479028
478762
478472
478472
478472
478472
478472
478472
478472
478466
478473
478474
478657
478657
478657
478657
478657
478475
478475
478475
478727
479028
478773
478773
481347
479673
479028
479844
479678
479362
479075
479844
479903
479105
479105
479672
479628
479353
479353
479763
479842
479954
479954
480214
480863
481310
481310
481310
481310
481310
481310
481310
481310
482378
482378
482380
482380
482380
482380
482387
482510
482388
482510
482870
483326
483547
483617
483618
484852
484852
484855
484855
484855
484866
484870
484874
484971
485123
487523
486765
487304
487965
488054
486104
486323
487600
486765
488504
488538
487338
488723
488800
488800
488723
489029
489254
489165
489783
489783
489877
489899
489924
490027
490027
490829
490829
490924
490924
494628
492429
492876
493965
493629
493965
495828
498839
497885
499472
499472
498782
517044
499619
502644
501540
500673
500547
502947
503073
500547
500547
503570
501540
500673
501828
501828
500547
501872
500672
501440
501873
516272
501905
503654
502473
501440
501440
500023
505478
502478
502642
500039
500039
500039
500039
500672
500672
500672
500672
502938
503570
502947
505713
508000
500673
508000
503129
567710
516228
509028
515072
574665
501747
501747
513828
504513
509200
510272
510272
503175
503313
503313
504513
504513
514439
508000
513828
515565
515940
515028
514947
518052
518052
522869
521669
524547
525554
526754
527368
526168
527954
526754
528228
528568
536673
529768
529600
534765
534765
535965
537873
535473
535472
539073
539073
539073
540434
568154
540513
540513
543269
546147
542069
542069
543269
544469
545200
567738
547543
548203
548968
548538
548800
548672
548515
548810
548810
549134
549199
549398
549750
549750
550057
550091
550159
550839
553146
551946
555086
555165
555995
556006
556326
556326
556625
556625
560673
560063
561263
564021
561621
564400
562019
565347
562244
562258
566257
563028
562821
562552
565154
565057
565221
565833
565979
566354
566147
566747
566627
568798
568798
568821
570828
568821
571140
569838
569672
568947
569940
569398
569028
569628
569998
569143
569143
569453
570228
570540
569940
571140
573540
573252
572873
573403
573465
577181
577181
578554
577848
581565
581225
582228
581676
584015
584015
584045
587789
588429
588522
588724
588725
593526
592797
593526
592797
593526
594291
595852
596510
596628
596846
596846
597958
598067
598068
598068
598068
600873
600873
601187
601187
604923
604923
605256
605257
605559
606273
605559
606123
607986
611838
611838
611838
611838
611838
611838
611838
611838
611838
612117
612117
612438
612754
612754
613078
613078
614944
614944
618180
618180
618180
618180
618180
618180
618181
618181
618682
618682
618991
618991
619657
622326
622326
622326
622326
622326
622326
622327
622327
622327
622764
622764
625773
626858
627448
627941
630114
630115
630172
630443
630444
631355
632762
632882
632882
633006
634904
635126
636197
636369
636511
636794
636794
636812
636931
637092
637092
639022
641569
641882
642069
642260
642909
642909
643109
643187
643189
654079
655670
655695
656968
656968
656870
656895
656968
656895
656895
656895
656968
656968
656968
656968
656968
656968
657911
657911
657951
657953
658185
658196
658226
658239
658239
658354
658354
658506
658506
659287
659368
659734
659734
660044
660054
660078
660079
660210
660361
660361
660361
660361
663749
664067
664067
664067
664067
664298
664298
664298
664298
664298
664298
664298
664298
664392
664392
664392
665267
664392
664393
665330
665592
668099
668100
668643
668643
668643
668643
668644
668644
668644
668644
668703
668703
670530
670553
670553
670553
671813
672452
672453
673979
674594
674594
675508
675508
676411
676412
676606
678794
678794
679101
679398
679398
680611
680611
681212
681212
682400
682400
683002
684224
684224
684519
684521
685100
685100
686622
686624
686943
686943
687869
688537
688537
688537
688538
688833
688833
690370
690972
690972
693095
693095
693394
693394
694010
694011
694239
694239
694239
694239
694239
694239
694239
694239
694240
694324
694324
694639
694639
696858
696859
697795
697795
698728
698728
698728
698729
699018
699018
699088
699215
699251
700579
700579
701553
701553
703120
703120
703990
704052
704052
704672
704672
704965
705255
705255
706900
707068
707068
707655
707656
709366
709366
709366
709366
709366
709366
709366
710124
710124
710124
710124
710132
710138
710212
711014
711016
711960
711961
711962
711964
711965
711965
711967
711968
712225
712225
712225
712232
712232
712232
712298
712304
712329
712417
712424
712551
712556
712570
712572
712575
712575
712644
712650
712669
712683
712700
712713
712721
713760
713165
713164
713161
713165
713167
713432
713425
713161
713160
713165
713162
713160
713160
713168
713762
713765
713432
713761
713432
713434
713504
713767
713922
714130
714159
714159
714159
714433
714433
714443
714443
714445
714458
714744
714747
714792
714793
715947
715633
714961
715944
715643
715633
715643
714960
714957
714960
714961
715645
730451
716566
717766
716566
716566
716256
717766
716566
716566
716566
717759
716566
716566
717031
730285
717766
717766
723361
717766
717766
717476
723085
719015
718966
718966
726215
718136
718136
718148
718157
718158
718888
718888
718959
718966
721182
720851
719336
722157
719100
722843
729766
723251
722833
722160
724975
722559
722161
721359
719982
720088
720159
720088
720159
720159
720851
720851
721885
721885
721885
722051
722197
722559
722833
722833
723144
723759
724234
724359
724959
724966
724359
724944
723775
724676
723961
724966
723961
723961
725161
725161
725434
748393
747193
725161
732171
725161
725028
726166
725559
725876
726144
726262
726634
726361
726394
726536
727366
727366
726759
726766
727366
727366
726759
726790
726802
726802
727076
727076
727076
727076
727076
727076
727076
727366
727344
727736
728566
727488
727594
727904
727561
727834
727959
727500
727966
728051
729166
728276
727866
728276
729357
728566
728566
728566
728566
728566
728566
728688
728794
729034
729104
728936
729159
729397
729462
729517
729528
729535
729536
730043
729994
730033
730043
729766
738046
729766
729766
729766
729769
729888
729860
730013
730061
730244
730491
730491
730516
730542
730592
730616
730664
730665
730820
730826
730832
730872
730971
731040
731124
731137
731276
731374
731462
731697
735032
732011
732240
732337
732283
732324
732476
733415
733371
732656
733371
732691
733371
732897
733371
732867
733211
733371
733371
733214
733371
733412
733435
733461
733525
733594
733702
733728
733757
733885
733999
734021
734037
734075
734100
734139
734571
734373
734421
734475
734886
734886
734998
735162
735261
735270
735461
735892
735892
735905
735905
735914
735926
735928
735935
735955
735958
736086
736232
736232
736232
736081
736232
736232
736086
736232
736232
736198
736323
736323
736595
737114
736846
736851
737318
737501
738314
738065
738314
738098
738314
738314
738314
738314
738314
739246
739246
739246
739246
738675
738899
739246
739246
739246
739246
739254
739648
739650
739650
739651
739651
739661
739666
739691
739757
739769
739781
739785
739786
739786
739790
739791
739792
739794
739796
740446
741477
742094
742101
742371
742680
742689
742904
742923
742973
742975
742976
742976
742979
743198
743311
743311
743471
743507
743518
743589
743606
743611
743877
744123
744029
744104
744173
744176
744176
744175
745111
744179
744195
744261
744707
744445
744707
744398
744445
744806
744445
744707
744806
744398
744671
744511
744806
744511
744511
744760
744789
744806
763140
744806
744808
744812
745077
745049
746671
746706
746706
746732
746928
747623
747973
747974
747975
747975
747981
747999
748001
748033
748128
748050
749173
749175
748104
748347
749181
749181
748285
749199
749201
749593
748347
748285
749201
748347
748347
749250
749593
748285
749328
748285
749593
749593
749593
749593
749593
748285
749593
748399
748285
748285
749174
750578
751232
751233
751235
751238
751259
751351
751607
751618
751653
751666
751753
751760
751804
751816
751841
751855
751908
751914
751915
752328
752328
752328
752625
752626
752626
752628
754032
755008
755451
755461
755474
755643
756051
756051
756346
756346
758208
758826
758833
759099
759465
759465
759465
759476
760113
762564
762568
762569
762571
762572
762573
762576
762577
762579
762580
762582
762584
762586
762587
762588
762589
762590
762591
762592
762593
762594
762595
762596
762597
762598
762600
762721
762781
763162
763164
763164
763164
763165
763165
763174
763177
763463
763463
763568
763765
763765
763765
763766
765048
765845
765845
767061
767062
767062
767062
767374
767375
767375
767712
770768
770664
770664
770967
770967
771266
771266
771268
771268
771268
771268
771559
771560
773652
774593
774593
774593
774595
774595
774892
774892
774892
774894
774894
774894
775161
775161
775162
775162
775168
775168
775169
775169
775186
775473
777257
777257
778488
778489
778491
778491
778491
778775
778778
778778
778778
778778
778778
779085
779087
779097
780887
780887
782123
782123
782123
782123
782123
782123
782414
782414
782414
782414
782414
782414
782738
782741
782741
784556
784556
785802
785802
785804
785804
785805
785805
786115
786115
786115
786115
786115
786116
786418
786420
786420
788217
788217
789439
789441
789442
789442
789442
789442
789752
789752
789754
789754
789754
789754
790033
790035
790035
791852
793327
793327
793327
793327
793630
793630
793632
793632
793944
793945
793946
796043
796052
796931
796955
797230
797380
797541
797849
797849
797851
797851
797861
797864
797874
798450
798455
798455
798455
798734
798734
798751
798751
799357
799357
799357
799376
799376
799376
799376
799468
799628
799629
799678
799688
799690
799691
800664
800664
800664
800675
800731
801193
801212
801601
801601
801601
801609
801611
801615
801625
801627
801629
801854
801897
802125
803206
803256
803401
803424
803424
804000
804093
804315
804315
804323
804345
804572
804871
805210
805211
805213
805213
805213
805213
805213
805217
805225
805513
806080
807035
807037
808225
808225
808225
808838
808839
808839
808839
808841
808841
808841
808841
808841
808860
808862
810020
810027
810034
810035
810893
810954
810954
811009
811059
812152
812152
812152
812154
812632
812761
812761
812762
812762
812762
812762
812763
812763
812775
813936
814851
815478
815478
815787
816395
816395
816395
816395
816395
816395
816395
816396
816396
817778
818713
819277
819366
819366
819461
819531
819678
819680
819680
819681
819681
819887
820131
820321
820321
820321
820323
820323
820323
820323
820334
820338
820338
820338
821922
822723
822723
822773
822955
822994
823037
823037
823342
823344
823344
823344
823344
823344
823949
823949
823951
823951
823951
823951
823968
823971
823971
823971
824172
824598
824791
825126
826724
826744
826934
826947
826947
826947
826949
826949
826949
826950
826950
826963
827034
827170
827176
827358
827604
827830
827852
827852
827852
827852
827852
827853
827864
827868
827868
828029
828068
828480
828732
828732
828732
828749
829033
829272
829332
829416
829624
829937
829989
830853
830867
830880
830915
830921
830929
830943
830943
831137
831137
831155
831155
831425
831431
831433
831434
831434
831461
831649
831737
831737
831752
831753
831753
831759
831766
831769
831848
832367
832370
832370
833226
833239
833245
833298
833308
833550
833555
833555
833557
833700
833709
833722
834420
834760
834760
834760
834762
834762
834762
834762
834762
835051
835052
835053
835054
835055
835056
835057
835060
835061
835062
835063
835064
835065
835066
835067
835068
835069
835070
835071
835073
835075
835076
835077
835078
835079
835083
835084
835085
835087
835088
835089
835090
835091
835347
835350
835988
835990
836764
836990
837032
837521
837810
838410
838410
838412
838412
838412
838412
839305
839307
839626
839626
841134
841145
841733
841735
841735
841735
841752
842072
842079
842082
842082
842983
843300
843302
845470
845772
845772
845772
845772
845773
845774
847617
849525
849528
849528
849529
849837
849837
852659
853266
856376
857638
857638
857938
858066
858261
858261
858263
859197
859197
859197
859198
860166
860166
861392
862874
862876
862877
863202
863836
864459
865060
865649
866555
866555
866861
867186
867483
868091
868093
868747
869361
870625
870625
870629
870912
871836
872144
872146
872457
873097
874357
874361
874362
874362
874654
875569
876551
876865
878090
878090
878090
879339
879341
879640
879643
879643
879984
879984
880579
880583
881827
881827
881827
881827
882129
882131
883024
883026
883327
883329
883330
883330
883624
883626
884243
884243
884243
884244
884862
884863
884926
884926
884928
884928
885205
885207
885208
885209
885212
885219
885219
885219
885219
885229
885807
885815
885816
885816
885816
885816
885822
885823
885823
885823
885827
885829
885843
885845
885851
886483
886754
886755
887060
887062
887062
887063
887375
887375
887637
887697
887708
888000
888002
888002
888002
888391
888393
888393
888395
888399
888399
888424
888512
888778
888938
888938
889041
889489
889563
889563
889565
889568
889568
889568
889568
889570
889570
889595
889808
889845
889847
889849
889849
890174
890176
890176
890178
890179
890179
890181
890457
890457
890648
890667
890771
890771
890771
890771
890925
890925
890925
890925
890925
890925
890925
890925
890925
890926
890926
890926
890926
890926
890926
890926
890926
890926
890926
890926
890927
890927
890927
890927
890939
890939
890940
890940
890940
890940
890940
890940
890940
890940
890940
890940
890941
890941
890941
890941
904437
890942
890942
890942
890942
890943
890943
890943
890943
890943
890944
890944
890944
890944
890944
890944
890945
891070
891072
891077
891407
891584
891697
892032
892035
892038
892038
892628
892683
892783
892790
892970
893016
893021
893026
893032
893039
893249
893534
893537
893599
893798
893847
893850
893902
893920
893972
894001
894373
894466
894466
894466
894466
894475
894480
895055
895382
895383
895383
896298
1137180
896874
896894
897165
897167
898696
899274
899896
899898
900905
901058
901058
901058
901058
901994
903201
903237
903247
903482
903520
906450
906851
907127
909263
910112
909546
910477
912408
912408
912408
912408
912408
912408
912408
973901
975101
915390
915559
915896
915896
916168
916228
916807
916989
917111
917113
917113
918007
918207
918313
918041
918313
918207
918207
918189
918207
919207
919241
918311
919511
919407
919407
919513
918789
918911
918926
919389
919565
920126
920607
920407
920711
920441
920500
920623
920844
920845
922623
922633
922650
926240
926257
926257
926547
926548
926548
926548
926548
926548
929418
929419
929420
929421
942648
951018
937848
977926
939048
940248
941448
951019
952495
952495
956224
956226
957207
957209
957825
958099
959078
959078
959982
960952
960956
961556
961557
961866
962804
962804
963691
963691
963693
964623
964623
965207
965207
965823
979126
966676
966676
980326
966700
971026
966701
966701
966701
966701
967023
966701
967312
967876
970219
969019
968240
968240
969129
974336
976301
976301
975121
976301
975914
976398
976398
976398
977340
976398
976398
976398
976398
976487
977326
977325
977325
976597
977325
977087
977325
977325
977325
977325
977325
977326
977327
977326
977326
977325
977325
977325
977087
977114
977326
977325
977325
977327
977327
977326
977326
977326
977326
977327
977327
977417
977418
977418
977424
977428
977428
977514
990837
978094
978333
978342
978620
978627
978647
978916
979028
980116
979545
980815
981841
981841
981841
981841
981841
981842
981842
981843
981843
982630
982808
983005
983898
983913
983964
983988
984517
984551
985197
985202
985202
985204
985204
985204
985208
986426
986426
987418
988847
988848
988872
989420
990066
990068
990068
990068
990359
990681
992492
992502
992514
993045
993045
993045
993046
993046
993046
993046
993047
993047
993047
993047
993047
993047
993048
993048
993048
1129980
993048
993048
993048
993049
993049
993049
993050
993050
993050
993050
993050
993050
993050
993051
993051
993051
993051
993051
993051
993051
993051
993052
993052
993052
993052
993052
993052
993052
993052
993052
993052
993053
993053
993053
993053
993053
993053
993053
993053
993054
993054
993054
993054
993054
993054
993054
993054
1000250
993055
993055
993055
993055
993055
993055
993055
998808
998808
1000247
1000248
1000247
1000247
993056
993056
993056
995228
993057
1000249
998808
1000248
995228
998808
995228
999834
1000248
1000247
1000247
1000247
1000247
1000248
1000248
998917
1000248
994281
1000247
1000247
999834
995228
993702
995228
1000247
1000247
1000254
1000245
998808
1000246
995228
1000247
1000250
1000248
1000247
1000247
1000247
1000247
1000246
1000246
1000246
1000248
1000247
1000247
998808
1000246
994281
1000247
994281
998808
1000248
1000247
1000247
993692
993692
993692
993692
993692
993692
993702
993692
993692
993692
993692
993692
993692
993702
993702
993702
993702
993702
993702
993702
993702
993702
993692
993692
993692
993692
993709
993711
994931
994931
994931
994931
996078
996166
996183
996183
996199
996214
997366
997383
997399
997383
997419
998566
998583
998583
998599
998619
998808
998808
998808
998808
998808
998808
999930
999949
999959
1000008
1000008
1000008
1000022
1000245
1000245
1000245
1000245
1000245
1000245
1000245
1000248
1000246
1000246
1000246
1000246
1000246
1000246
1000246
1000246
1000245
1000248
1000248
1000248
1000248
1000248
1000248
1000248
1000248
1000248
1000248
1000248
1000248
1000248
1000248
1000248
1000248
1000248
1000248
1000249
1000249
1000249
1000249
1000248
1000248
1000248
1000248
1000248
1000251
1000250
1000250
1000250
1000250
1000251
1000251
1000251
1000251
1000251
1000251
1000251
1000251
1000251
1000251
1000252
1000252
1000251
1000251
1000251
1000251
1000251
1000251
1000251
1000251
1000252
1000252
1000252
1000255
1000252
1000252
1000252
1000252
1000253
1000253
1000253
1000253
1000253
1000253
1000253
1000253
1000253
1000252
1000254
1000254
1000254
1000254
1000253
1000253
1007454
1007450
1007449
1000255
1000255
1000255
1000255
1006008
1006008
1000255
1000255
1000256
1000255
1000255
1007445
1007034
1006259
1007446
1001208
1000902
1000892
1000256
1007447
1002428
1000255
1002428
1000255
1007446
1001481
1000255
1007450
1000255
1007446
1000255
1000255
1007447
1007447
1007447
1007447
1002428
1006008
1000255
1000255
1007447
1007447
1007448
1003278
1007447
1007446
1007447
1007447
1007447
1007450
1007448
1007448
1007448
1006008
1007447
1000255
1006008
1000255
1007448
1007447
1000255
1000255
1000254
1000254
1000254
1000254
1000254
1000254
1000254
1000254
1000254
1000254
1000254
1000254
1000254
1000254
1000254
1000254
1000254
1000254
1000254
1000254
1000254
1000254
1000254
1000254
1000254
1000254
1000254
1000254
1000254
1000254
1000255
1000255
1000255
1000255
1000254
1000254
1000255
1000255
1000255
1000255
1000255
1000255
1000255
1000255
1000255
1000255
1000255
1000255
1000255
1000255
1000255
1000255
1000255
1000255
1000255
1000255
1000255
1001106
1001106
1001137
1001142
1001467
1001696
1002306
1002337
1002317
1002342
1002428
1002428
1003496
1003517
1003537
1003797
1003799
1004106
1003801
1004717
1004737
1004997
1004999
1005296
1005059
1005306
1005917
1005937
1006008
1006009
1006496
1007250
1007519
1007519
1007519
1007607
1007609
1007611
1007611
1007633
1007641
1007793
1008094
1008095
1008096
1008097
1008098
1008099
1008100
1008101
1008102
1008103
1008104
1008105
1008106
1008107
1008108
1008109
1008110
1008111
1008112
1008113
1008114
1008115
1008116
1008117
1008118
1008119
1008120
1008122
1008123
1008124
1008125
1008126
1008127
1008128
1008129
1008130
1008131
1008132
1008133
1008134
1008135
1008136
1008137
1008139
1008140
1008450
1008719
1008719
1008719
1008807
1008809
1008811
1008811
1008841
1008993
1023833
1026094
1026095
1026096
1026097
1026098
1026099
1026100
1026101
1026102
1026103
1026104
1026105
1026106
1026107
1026108
1026109
1026110
1026111
1026112
1026113
1026114
1026115
1026116
1026117
1026118
1026119
1026120
1026122
1026123
1026124
1026125
1026126
1026127
1026128
1026129
1026130
1026131
1026132
1026133
1109041
1095047
1091043
1095047
1088492
1093847
1092408
1111849
1088641
1093847
1088828
1070041
1092655
1092841
1092842
1029737
1031010
1026137
1089051
1095056
1089055
1099608
1089081
1089678
1089841
1093847
1093847
1093434
1093434
1093608
1109042
1093847
1093608
1093608
1093628
1093854
1111846
1093628
1030319
1089842
1030409
1031010
1089843
1111846
1093847
1111848
1093847
1032210
1032993
1093847
1033410
1093847
1093847
1044104
1093847
1044108
1093847
1026719
1069441
1044112
1044116
1044120
1093847
1044125
1044129
1093848
1044133
1047700
1093848
1047737
1048319
1093848
1048409
1049010
1050210
1093848
1050993
1093848
1051296
1088042
1093848
1051410
1068716
1068719
1093848
1068720
1088009
1068725
1093848
1068729
1068733
1093848
1111848
1068737
1068809
1068810
1111848
1093848
1068810
1068993
1093848
1069304
1069308
1069312
1093848
1069410
1069441
1069443
1093848
1069443
1070042
1093848
1070496
1093849
1070500
1029393
1087255
1070641
1070641
1071841
1093849
1071841
1071842
1071842
1071843
1072441
1069442
1026993
1069441
1026809
1027919
1027337
1093849
1073041
1073043
1093850
1073043
1073043
1093850
1073641
1028009
1069442
1073641
1073641
1073818
1073818
1111848
1069443
1088828
1028193
1093255
1028537
1093850
1075441
1093850
1090254
1029119
1089655
1075443
1076041
1076642
1077241
1093850
1093850
1093850
1077241
1077841
1093850
1077841
1093850
1078914
1093854
1029209
1070041
1079041
1093854
1079043
1079641
1093854
1079641
1099859
1080241
1111850
1032210
1070041
1093854
1080241
1080841
1080841
1083841
1093854
1083842
1085041
1085042
1070041
1044096
1085641
1093854
1086241
1086241
1093854
1086242
1086242
1086645
1086646
1101257
1086646
1093854
1093854
1086648
1105608
1086648
1086649
1093854
1086650
1086651
1086653
1093854
1093854
1086653
1086654
1070641
1044100
1086656
1086656
1086716
1086719
1093854
1086720
1086725
1086729
1086733
1093854
1086737
1086810
1086810
1086993
1093854
1087302
1111850
1111854
1087302
1087302
1093854
1087304
1087308
1087312
1087410
1093854
1087441
1093855
1090255
1093845
1070641
1068241
1093846
1087443
1087443
1087608
1093855
1087608
1087608
1111848
1047696
1087848
1093846
1093846
1093855
1045296
1045300
1046496
1046500
1087851
1093855
1093855
1093846
1091041
1093855
1068243
1094455
1094455
1094455
1093846
1111848
1090255
1070641
1070642
1070642
1089055
1094455
1070643
1095047
1095047
1071241
1071241
1071241
1072441
1073041
1072441
1068243
1068841
1062104
1095047
1087854
1062108
1073041
1087881
1073042
1062112
1068241
1068241
1062120
1062116
1090255
1073641
1062125
1062129
1073641
1062133
1068241
1068241
1087856
1088492
1063304
1063308
1074241
1087855
1074241
1063316
1063312
1063320
1074242
1063325
1063329
1063333
1074841
1074841
1064533
1076041
1068243
1111850
1088496
1089048
1065104
1068241
1091818
1068242
1111854
1065108
1065125
1076641
1065120
1065116
1065112
1066329
1066325
1066320
1066319
1066316
1065129
1066333
1066900
1066409
1066337
1066904
1066912
1066908
1067010
1067516
1067519
1067520
1067525
1067529
1067533
1068242
1068242
1067537
1067609
1064516
1064512
1064508
1064504
1064525
1064520
1086655
1064529
1068100
1068104
1068841
1068841
1076642
1077241
1068108
1065700
1065733
1065737
1068241
1068112
1066300
1087855
1066304
1068241
1066312
1066308
1068210
1068243
1068242
1068241
1068241
1068241
1068841
1068841
1069441
1077842
1077241
1069441
1089655
1090855
1068242
1068242
1069296
1069300
1092408
1071842
1087855
1071842
1078441
1071843
1087855
1071841
1071841
1071841
1071841
1087255
1071841
1071841
1072441
1079042
1080242
1081441
1092659
1073041
1081442
1089054
1073042
1076641
1090855
1082642
1086648
1075441
1091455
1075441
1088455
1075441
1075442
1086651
1075442
1075441
1086654
1086654
1093846
1076041
1086655
1089655
1076641
1086655
1093847
1077841
1127580
1078914
1078441
1086655
1090028
1079041
1086655
1079041
1079041
1086655
1086652
1079641
1088455
1086655
1080241
1080241
1085642
1088455
1086655
1082641
1082641
1092655
1083841
1093852
1086656
1083842
1090254
1083841
1089055
1087255
1087255
1085041
1085042
1087255
1087255
1088455
1086809
1087255
1087292
1087854
1087848
1087854
1087851
1091455
1089055
1128780
1087881
1090855
1090724
1092055
1092055
1092055
1091641
1092055
1091624
1092055
1092055
1092408
1092408
1094455
1111847
1095047
1105853
1095241
1097448
1096855
1095655
1097041
1098241
1097225
1097447
1105302
1105312
1105925
1112808
1105441
1095655
1095458
1096025
1096247
1096247
1096248
1104656
1104810
1104649
1104646
1103042
1102317
1104241
1104242
1104653
1105442
1104242
1104725
1109043
1107055
1108254
1111854
1108255
1111854
1110842
1111854
1111854
1111628
1111856
1106492
1111846
1111855
1106828
1106492
1111848
1111849
1106642
1107051
1113047
1111854
1111854
1111850
1111855
1112455
1111608
1106641
1107841
1106642
1107678
1107842
1107842
1110408
1111434
1110655
1111616
1111628
1112282
1112455
1112937
1112941
1113607
1114137
1115537
1115539
1115557
1116382
1116383
1117943
1117943
1117949
1117949
1118849
1119441
1119505
1119650
1119913
1119916
1119987
1120130
1120373
1120580
1120616
1120627
1120983
1121083
1121202
1121281
1121284
1121376
1121488
1121538
1121538
1121738
1121781
1121850
1121913
1122120
1122122
1122304
1122432
1122886
1122927
1123024
1123064
1123064
1123265
1123468
1123552
1123627
1123924
1123968
1123984
1124044
1124103
1124516
1124519
1124624
1124925
1124988
1125895
1125897
1125897
1125897
1125898
1125923
1125929
1125961
1125962
1126380
1126380
1126382
1129628
1128428
1129998
1130000
1130000
1130057
1131796
1133769
1133795
1136202
1136202
1136202
1137161
1137162
1137452
1137470
1138046
1138046
1139884
1140544
1142222
1142222
1143435
1144869
1146044
1146044
1146046
1147081
1147081
1148725
1148725
1150082
1150082
1150110
1150110
1150341
1150343
1150343
1150343
1150343
1150343
1150861
1150861
1152360
1152475
1152475
1152597
1152597
1152655
1154857
1155312
1158001
1158003
1158003
1158003
1158003
1158004
1158004
1158004
1159792
1160046
1160716
1160718
1160718
1160792
1160795
1160795
1161690
1161691
1161692
1161693
1161693
1161693
1161694
1161695
1164434
1164521
1171513
1172884
1172917
1173719
1173719
1173719
1173719
1173719
1174064
1174066
1174066
1174069
1174070
1178973
1178973
1178975
1178975
1179077
1179083
1179087
1179124
1179126
1183147
1183147
1183224
1183248
1183263
1183360
1183363
1183433
1183470
1183497
1192250
1192276
1192306
1192530
1192615
1193569
1193569
1193569
1193570
1193570
1193936
1193936
1193936
1193938
1193938
1197673
1197675
1197675
1197679
1197750
1197758
1197792
1197794
1207957
1207961
1207961
1207961
1208078
1208090
1208092
1208119
1208136
1208143
1218451
1218589
1225157
1225157
1225157
1225157
1225157
1225169
1225171
1225174
1225178
1225733
1229034
1229034
1229057
1229071
1229074
1232767
1232767
1232767
1232767
1232767
1232775
1232780
1232786
1232786
1236538
1236547
1236548
1238025
1238318
1238330
1238334
1238917
1238917
1238945
1238945
1239223
1239223
1239244
1239245
1240425
1240425
1240435
1240441
1240441
1241920
1241920
1242217
1242217
1244328
1244328
1244328
1244328
1244328
1245523
1245523
1245824
1245824
1247024
1247024
1247053
1247054
1247054
1247330
1247369
1247369
1247826
1248226
1248226
1248233
1249420
1249420
1251517
1251517
1251517
1251517
1252126
1252126
1252126
1253320
1253320
1255125
1255125
1255125
1255125
1255135
1255744
1255744
1255744
1256976
1258504
1258778
1258778
1258778
1258779
1259386
1259386
1259386
1259395
1259428
1260611
1262386
1262386
1262386
1262386
1262402
1263331
1263342
1264501
1266025
1267200
1267309
1268414
1269933
1269933
1269933
1269934
1269945
1270852
1270865
1270866
1274730
1274737
1277183
1278427
1278463
1278725
1278726
1282046
1286507
1288946
1289208
1289221
1289221
1289221
1289221
1289838
1289838
1289838
1289844
1289844
1289846
1289847
1289848
1289848
1289860
1291337
1291609
1292526
1299157
1299157
1301526
1303343
1303343
1303343
1303343
1305158
1306888
1306962
1306962
1307545
1307545
1310630
1310641
1310703
1311819
1312720
1314235
1314236
1314522
1317083
1317090
1317090
1317224
1317467
1317537
1317600
1317698
1317850
1317948
1318280
1318315
1318389
1318485
1318546
1318547
1318685
1318747
1318833
1318895
1318939
1318952
1319106
1319250
1319349
1319543
1319606
1319618
1319624
1319647
1319701
1319879
1320633
1320638
1320647
1320891
1320973
1321050
1321137
1321169
1321195
1321210
1321238
1321241
1321250
1321898
1321964
1321964
1321964
1321964
1321965
1321965
1321965
1321965
1321965
1321965
1321966
1321966
1321966
1321966
1321966
1321980
1321980
1321980
1321980
1321981
1321981
1321981
1321981
1321981
1321981
1321981
1321981
1321982
1321982
1321982
1321982
1321982
1321982
1321983
1321983
1321983
1321983
1321983
1321983
1322250
1322185
1322185
1322250
1323080
1323113
1323121
1323586
1324042
1324385
1324385
1324385
1324386
1324386
1324395
1324396
1324397
1324397
1416781
1325648
1325736
1325952
1325962
1325962
1325972
1325983
1325998
1326266
1326267
1328134
1328135
1328135
1328135
1328135
1328141
1328141
1328141
1328143
1328148
1328433
1328433
1328433
1328433
1328433
1329626
1329626
1329634
1329635
1329635
1329652
1329720
1331738
1331764
1331764
1331764
1331765
1331765
1331768
1331770
1331772
1331772
1333350
1333350
1333351
1333351
1333351
1333351
1335537
1337014
1337014
1337014
1337014
1337014
1338800
1339066
1339408
1339408
1339408
1339412
1339415
1339417
1339417
1340624
1340625
1340625
1340625
1340629
1340773
1341217
1341850
1342208
1342454
1343104
1343111
1343111
1343214
1343253
1343273
1343366
1343372
1343372
1343386
1343471
1343986
1344071
1344311
1344311
1344304
1344311
1345511
1344671
1343986
1345808
1345808
1345808
1344572
1345871
1344566
1345511
1344572
1345642
1345504
1345511
1345894
1346711
1346814
1347008
1346853
1347146
1347146
1347412
1347413
1347414
1347414
1356442
1355815
1347415
1347415
1347415
1347415
1347911
1348014
1348014
1348014
1348053
1348346
1348346
1348172
1354580
1349214
1349214
1349111
1349214
1349546
1349546
1349444
1350746
1349445
1351294
1351614
1351614
1354613
1350311
1351653
1415581
1356980
1350414
1350414
1350414
1351946
1351946
1350356
1352494
1352804
1350746
1363105
1350644
1352814
1352814
1354614
1352814
1357014
1352842
1351511
1351511
1353146
1354615
1351604
1351653
1352180
1352273
1353146
1354014
1354042
1353127
1353380
1353694
1353694
1354004
1354014
1354615
1355813
1354014
1354327
1354346
1354282
1356414
1359380
1354653
1354731
1355815
1354894
1355214
1355214
1355204
1355214
1355242
1355780
1355814
1355527
1355527
1355546
1355931
1356359
1356359
1356404
1359414
1357015
1361905
1356727
1356727
1357604
1358180
1357559
1357614
1358214
1357559
1357604
1357671
1358215
1358282
1358759
1360239
1360331
1360378
1360582
1360678
1360699
1360705
1364306
1366065
1366065
1366662
1366662
1366663
1369099
1370973
1370973
1373790
1373790
1373790
1374727
1376611
1377547
1377547
1377547
1377547
1377547
1377547
1384410
1384888
1384888
1385178
1385178
1385178
1385178
1385795
1385795
1385795
1388856
1389463
1389463
1390646
1390646
1390646
1390646
1390646
1390646
1392519
1392519
1393414
1394336
1394930
1395685
1396422
1398209
1398219
1398226
1398226
1398243
1398254
1398522
1398522
1398522
1398522
1398522
1398523
1398523
1398523
1398554
1399722
1399722
1398826
1398843
1399426
1400332
1400333
1400333
1400333
1400333
1400333
1400333
1400333
1400333
1401309
1401626
1401647
1401647
1401647
1401655
1401661
1401661
1401664
1401720
1401864
1401901
1402523
1402542
1402847
1402847
1403081
1403125
1403126
1403126
1403126
1403137
1403138
1403742
1408364
1404325
1408364
1403742
1404047
1403463
1408365
1404047
1404063
1404326
1411538
1408380
1408380
1415566
1408383
1408383
1404051
1411526
1412463
1409565
1404338
1404338
1411847
1412726
1408383
1408383
1415566
1408383
1408383
1415565
1415565
1408380
1408380
1408381
1408381
1405526
1408381
1404326
1404326
1405526
1408381
1404326
1408381
1408381
1404326
1404326
1408381
1408381
1408381
1406510
1405526
1408381
1408381
1404326
1408381
1408365
1408381
1404337
1408381
1408381
1408381
1408365
1408365
1408365
1408365
1408365
1408365
1404338
1408381
1404337
1408381
1408365
1408382
1404342
1408382
1408381
1408381
1404342
1408365
1408365
1408366
1408366
1408366
1409564
1408383
1408366
1404342
1404647
1404647
1404647
1408382
1404647
1408382
1404342
1408382
1408382
1408382
1408382
1404942
1408382
1408366
1404942
1405263
1405247
1408366
1408366
1408366
1404942
1405525
1405263
1409565
1408366
1409564
1409564
1408366
1409564
1408366
1408382
1404338
1408382
1408382
1408382
1405525
1408382
1408366
1408383
1408383
1408382
1408366
1404338
1405526
1408366
1404338
1408383
1408366
1408383
1404338
1404338
1408366
1404326
1404068
1404068
1404326
1404326
1404326
1404326
1404326
1404326
1404326
1404326
1404326
1404326
1404326
1404326
1404326
1404326
1404326
1404326
1404326
1404326
1404347
1404347
1404347
1404347
1404348
1404647
1404647
1404647
1404647
1404647
1404670
1404995
1404995
1405525
1405310
1405310
1405525
1405525
1405525
1405525
1405544
1405747
1405881
1406588
1406725
1406854
1406854
1406858
1408364
1408281
1408058
1408054
1408054
1407081
1408364
1408364
1408364
1408364
1408364
1408364
1408364
1408364
1408364
1408364
1408364
1408364
1408364
1408364
1408364
1408364
1408645
1408645
1408960
1408960
1408961
1408969
1409000
1409258
1409481
1409254
1409254
1409564
1409564
1409564
1409695
1410379
1410379
1410381
1410381
1410454
1410454
1410382
1410382
1410382
1410382
1410382
1411526
1411537
1411251
1411251
1410764
1410764
1411537
1411268
1411268
1411526
1411526
1411689
1411689
1411689
1411690
1411690
1411690
1411703
1412011
1412012
1412019
1412069
1412307
1412323
1412324
1412521
1412616
1412616
1412625
1412628
1412657
1412856
1413488
1413495
1413578
1414133
1414140
1414334
1414425
1414425
1414426
1414426
1414426
1414426
1414426
1414426
1415327
1415328
1415328
1415328
1415328
1415328
1415428
1415428
1415428
1415428
1415431
1415494
1415740
1415753
1415762
1415831
1415901
1415913
1416142
1416152
1416236
1416252
1416268
1416349
1416370
1416390
1416442
1416537
1416618
1416673
1416677
1416700
1416820
1416940
1416947
1416991
1417125
1417981
1417190
1417194
1417502
1417592
1417647
1417817
1417819
1418011
1418146
1418148
1418325
1418186
1418235
1418450
1418486
1418505
1418574
1418634
1418669
1418848
1418863
1418872
1419063
1419076
1419143
1419183
1419244
1419301
1419315
1419518
1419595
1419697
1419713
1419797
1419907
1419985
1420006
1420048
1420071
1420102
1420114
1420399
1420403
1420478
1420552
1420564
1420629
1420698
1420700
1420785
1420952
1420976
1421027
1421151
1421161
1421586
1422006
1422167
1422171
1422218
1422319
1422476
1422614
1422691
1422805
1422966
1423037
1423052
1423276
1423276
1423287
1423287
1423902
1423902
1423902
1423902
1423902
1423910
1423912
1423913
1423914
1423917
1423918
1423928
1423937
1423943
1423951
1423975
1424020
1424031
1424131
1424141
1424734
1425216
1425799
1426428
1426429
1426430
1426430
1426431
1426431
1426793
1427363
1427363
1427372
1427458
1427665
1427665
1427665
1427665
1427673
1427674
1427676
1427689
1427747
1427749
1427749
1427756
1427757
1427768
1427776
1427926
1428555
1428555
1429034
1429112
1430049
1430052
1430069
1430074
1430092
1430356
1430364
1430364
1430365
1430639
1431559
1431559
1431569
1431587
1431595
1431608
1431611
1431643
1431658
1431658
1431729
1431735
1431739
1431740
1432162
1432162
1432190
1432190
1432807
1432951
1433073
1433082
1433088
1433088
1433088
1433089
1433089
1433090
1433090
1433277
1433386
1433732
1433732
1434334
1434408
1434832
1434836
1434837
1434838
1434838
1434838
1434838
1434838
1434941
1435013
1435015
1435015
1435015
1435015
1435015
1435341
1435435
1435530
1435629
1435639
1435687
1435777
1435787
1435789
1435802
1435809
1435871
1436152
1436444
1436444
1436456
1437760
1437760
1437760
1437899
1438081
1438167
1438276
1438287
1438479
1438615
1438731
1438757
1438852
1438941
1438980
1439250
1439271
1439346
1439533
1439540
1439595
1439684
1439750
1439750
1439790
1439791
1439792
1439793
1439794
1439795
1439796
1439797
1439798
1439800
1439802
1439803
1439804
1439805
1439806
1439808
1439809
1439810
1439811
1439812
1439814
1439815
1439957
1439822
1439864
1439931
1439931
1439931
1439931
1439931
1439931
1439931
1439957
1440133
1440136
1440289
1440399
1440421
1440515
1440776
1440884
1441055
1441157
1441201
1441284
1441525
1441530
1441579
1441622
1441693
1441965
1441980
1441987
1442077
1442100
1442133
1442142
1442337
1442340
1442522
1442526
1442719
1442822
1442851
1442892
1442904
1443051
1443147
1443266
1443351
1443376
1443492
1443550
1443580
1443589
1443606
1443631
1443799
1443802
1443860
1443927
1444098
1444187
1444442
1444443
1445068
1445078
1445087
1445088
1445096
1445104
1445116
1445686
1445686
1446938
1448459
1448490
1448490
1448490
1448849
1449126
1449126
1449126
1449136
1449136
1449142
1449156
1449191
1449727
1449727
1449727
1449727
1449727
1449727
1452236
1452236
1452236
1452846
1452854
1452857
1452858
1452859
1452863
1452869
1452890
1453449
1453449
1453449
1453449
1453449
1453449
1455847
1455848
1455848
1455892
1456205
1456221
1456233
1456272
1456411
1456451
1456479
1456620
1456776
1456798
1456815
1456822
1456830
1456840
1456851
1456868
1457708
1457708
1457708
1457708
1459532
1459533
1459533
1460119
1460435
1460435
1460444
1460444
1460446
1460447
1460449
1460466
1460729
1461339
1461339
1461339
1461339
1461339
1461352
1463178
1463178
1463178
1463179
1463488
1463488
1464084
1464084
1464093
1464093
1464094
1464096
1464097
1464111
1464379
1465016
1465016
1465016
1465016
1465017
1465017
1465623
1466516
1466517
1466517
1466810
1466810
1466810
1466811
1467730
1467730
1467735
1467736
1467738
1467742
1468646
1468646
1469685
1469685
1469685
1469685
1469685
1469685
1469686
1470785
1470786
1470786
1470786
1470786
1470786
1470786
1470786
1470786
1470786
1470795
1470795
1470795
1470796
1470796
1471348
1471348
1471348
1471353
1471356
1471358
1471359
1471379
1472281
1472281
1472281
1472281
1472282
1473508
1473522
1474099
1474099
1475008
1475016
1475016
1475018
1475019
1475030
1475927
1475927
1475927
1475927
1475927
1475927
1476406
1477152
1477750
1477750
1478568
1478568
1478568
1478569
1478569
1478569
1478569
1478569
1478569
1478572
1478573
1478573
1478573
1478573
1478573
1478573
1478577
1478577
1478577
1478577
1478577
1478577
1478577
1478577
1478577
1478577
1478655
1478655
1478655
1478664
1478665
1479614
1479614
1479614
1479614
1479614
1481422
1481437
1481437
1482332
1482332
1482332
1482340
1482344
1482345
1482345
1482346
1482351
1482373
1482389
1482389
1482389
1482389
1482389
1482389
1482390
1482390
1482393
1482393
1482393
1482393
1482393
1482393
1482393
1482393
1482393
1482394
1482397
1482397
1482397
1482397
1482397
1482397
1482397
1482397
1482397
1482397
1483225
1483225
1483226
1483226
1484475
1484704
1485948
1485948
1485948
1485958
1485960
1485968
1486239
1486243
1486251
1486251
1486251
1486252
1486417
1486545
1486545
1486844
1486844
1486844
1486844
1486844
1487161
1487168
1488081
1488099
1488983
1488990
1488995
1488995
1488995
1488995
1488995
1488995
1488995
1488996
1488996
1488996
1489587
1489592
1489595
1489604
1489622
1489633
1489892
1489892
1489899
1489936
1490189
1490204
1490211
1490340
1490418
1490529
1490536
1490541
1490551
1490555
1490559
1490582
1490583
1490583
1490593
1490601
1490605
1490781
1490781
1490783
1490854
1491047
1491097
1491133
1491228
1491419
1492063
1492259
1492689
1492714
1493223
1493303
1493303
1493303
1493310
1493312
1493324
1493325
1493354
1493611
1493611
1493611
1494100
1494218
1494218
1494218
1494218
1494218
1494218
1494218
1494218
1494218
1494220
1494231
1494234
1494670
1494817
1494817
1494964
1494973
1495758
1495764
1496061
1496069
1496596
1497318
1497402
1497583
1497996
1498574
1498582
1499202
1499211
1500148
1501398
1502013
1504242
1504815
1505305
1508021
1508021
1508021
1508021
1508021
1508022
1508022
1508022
1508022
1508022
1508022
1508022
1508022
1508023
1508023
1508023
1508023
1508023
1508023
1508023
1508024
1508024
1508024
2462518
1508024
1508024
1508024
1508024
1508024
1508025
1508025
1508025
1508025
1508025
1508025
1508025
1508025
1508025
1508026
1508026
1508026
1508026
1508026
1508026
1508027
1508027
1508027
1508027
1508027
1508027
1508027
1508027
1508027
1508028
1508028
1508028
1508028
1508028
1508028
1508028
1508028
1508028
1508028
1508029
1508029
1508029
1508029
1508029
1508029
1508029
1508029
1508029
1508029
2164918
1508030
1508030
1508030
1782360
1508030
1508030
1508030
1508031
1508031
1508031
1602826
1508031
1508031
1515254
1688022
1515254
1599825
1508032
1515254
1515254
1508032
1522023
1522023
1530423
1522023
1522023
1522023
1515254
1515254
1522023
1522023
1600427
1530423
1607024
1606427
1604627
1602887
1602827
1862027
1602827
1607028
1607028
1862631
1599826
1522454
1522315
1522315
1601030
1525348
1533382
1608715
1607029
1607029
1601023
1599827
1534623
1599828
1600427
1515254
1673027
1651023
1599829
1601435
1651424
1601654
1601986
1671825
1601654
1600422
1600422
1600422
1600422
1600422
1508039
1508039
1515254
1515254
1515254
1515254
1515254
1515254
1515254
1515254
1515254
1515254
1515254
1515254
1515254
1515254
1515254
1515254
1515254
1515254
1515254
1515254
1515254
1515254
1515254
1515254
1515254
1515254
1515254
1515254
1515254
1515254
1515254
1515254
1515254
1515254
1515254
1515254
1515254
1515254
1515254
1515254
1515254
1515254
1515254
1515254
1515254
1515254
1515254
1515254
1515254
1515254
1515254
1515254
1515254
1515254
1515254
1509364
1509364
1509373
1515254
1515254
1515254
1515254
1515254
1515254
1512015
1509373
1515254
1512015
1515254
1512015
1512015
1515254
1512615
1512615
1515254
1515254
1515254
1515254
1515254
1515254
1515254
1515586
1515675
1516275
1516215
1516215
1516186
1515764
1515764
1515764
1515764
1515764
1516573
1517039
1517039
1517039
1517039
1517039
1516573
1519964
1519964
1518964
1518015
1519964
1516564
1516564
1517039
1517039
1517039
1517764
1517164
1517415
1517639
1518854
1518239
1518239
1518854
1519215
1519439
1519439
1519964
1520172
1520339
1520386
1520509
1521481
1521481
1521481
1521481
1521481
1521481
1521481
1521482
1521482
1521482
1522023
1522023
1522023
1522023
1522023
1521586
1521539
1521486
1522023
1522023
1523053
1525351
1525467
1525467
1525467
1525467
1525467
1525467
1525467
1525467
1525467
1525467
1525681
1525471
1525471
1529986
1526223
1526223
1526223
1525786
1526223
1530423
1530423
1529667
1596827
1594431
1595027
1594426
1594428
1534186
1599827
1595027
1595629
1595630
1595630
1598631
1595988
1908407
1596224
1596224
1596226
1596226
1534833
1596227
1536867
1596227
1536867
1596230
1596230
1534841
1536867
1596231
1596231
1598627
1599823
1596231
1537786
1596821
1599825
1599824
1598632
1537786
1598627
1911407
1598628
1598630
1536423
1549309
1548751
1539751
1540023
1540023
1540023
1547223
1547223
1541551
1540023
1540023
1540023
1540023
1540023
1562104
1876300
1547223
1598627
1599829
1599828
1588788
1595624
1554423
1554423
1554423
1554423
1554423
1554423
1554423
1555623
1554423
1557591
1558467
1557904
1557904
1557904
1559386
1558467
1558467
1558467
1558467
1558467
2260918
1595622
1595624
1561623
1561623
1559391
1559386
1559386
1559386
1559386
1559386
1559386
1559386
1562823
1562667
1562667
1562667
1562667
1562667
1562667
1562349
1562349
1563586
1595629
1595625
1563586
1563586
1595628
1883500
1595628
1574386
1595623
1595622
1595622
1566867
1566549
1565823
1563591
1563586
1594431
1575267
1567786
1566867
1567786
1577616
1570023
1569304
1569304
1569304
1569216
1569216
1568667
1568667
1567791
1570186
1573416
1572867
1572867
1571991
1571067
1570749
1570186
1570186
1570186
1574386
1574386
1574223
1573504
1573504
1573504
1573416
1595623
1595630
1595628
1579467
1594427
1594424
1578586
1578904
1577067
1577667
1585601
1578267
1577704
1594424
1594427
1594430
1586388
1595629
1579186
1579504
1581267
1594601
1580067
1594424
1580667
1581588
1599824
1586801
1587588
1582001
1582788
1583201
1584401
1588001
1594429
1580120
1580138
1580386
1580386
1580386
1580386
1580388
1580480
1580704
1580704
1580797
1580801
1580806
1580990
1581267
1581267
1581267
1581267
1581305
1581357
1581693
1581816
1581936
1582023
1582190
1582467
1582467
1582467
1582467
1582467
1582707
1582893
1582928
1583113
1583166
1583245
1583267
1583334
1583444
1583667
1583667
1583667
1583907
1583988
1583988
1583988
1584003
1584155
1584221
1584337
1584530
1594423
1584659
1584700
1584884
1585188
1701445
1595623
1589988
1594422
1585883
1594429
1594430
1594422
1594422
1882607
1594422
1594422
1599824
1594428
1594426
1588788
1589201
1594422
1594424
1595027
1595625
1594432
1594426
1590401
1594431
1595623
1595623
1595027
1591188
1594428
1595626
1594421
1593588
1594422
1594424
1594424
1591188
1592388
1594425
1594428
1595622
1594423
1594424
1594425
1594425
1594429
1594423
1593588
1600427
1594421
1599824
1594423
1594423
1594423
1595624
1595624
1595027
1594429
1595624
1595027
1595622
1594430
1595622
1595624
1595621
1595027
1594422
1598629
1594421
1594421
1594423
1889207
1595621
1596196
1596821
1596821
1596588
1596588
1597788
1598021
1598388
1598627
1598627
1598627
1598627
1598626
1598627
1598627
1598627
1885007
1598627
1598627
1598622
1598627
1599822
1599823
1599227
1599221
1599227
1599227
1599227
1599227
1599227
1599823
1599227
1599796
1599821
1599821
1599821
1599821
1599821
1599821
1600016
1600050
1600108
1600115
1600187
1600223
1600235
1600337
1601021
1601021
1600996
1601023
1601023
1601033
1601654
1602223
1602632
1602646
1602822
1604027
1603832
1604027
1604354
1604585
1605227
1605227
1605223
1605827
1606890
1607153
1607785
1607785
1608423
1607785
1608090
1608090
1608335
1608423
1608397
1608787
1608788
1608788
1608789
1608789
1608854
1608854
1608854
1608854
1608854
1608854
1608985
1608985
1639623
1639426
1640021
1624063
1640631
1611748
1608985
1611748
1608985
1608985
1608985
1617827
1617830
1638423
1608985
1608985
1617831
1619782
1617953
1620227
1609290
1620231
1609427
1609427
1621023
1621023
1931207
1609427
1621153
1609427
1638788
1609427
1621424
1609427
1609623
1609623
1609623
1609623
1650206
1621425
1638827
1621425
1609106
1641402
1641832
1621425
1609623
1609110
1609623
1621425
1621425
1621425
1622624
1638830
1622624
1609623
1638830
1638854
1609623
1609623
1609623
1643027
1639188
1621425
1639385
1609623
1622624
1639424
1622624
1643023
1609427
1609665
1617831
1639385
1639427
1865236
1616823
1615385
1616027
1615385
1617230
1617830
1650227
1781845
1617230
1617588
1616823
1617227
1616585
1618023
1618421
1619031
1620232
1617785
1617824
1617824
1616585
1619031
1621423
1620231
1866830
1866032
1617826
1620227
1617826
1617227
1617827
1617229
1616823
1620228
1613005
1614205
1616585
1616585
1616585
1616585
1616585
1616585
1616585
1616585
1616823
1617077
1618174
1619782
1619782
1621424
1619782
1619782
1619782
1619953
1620248
1621784
1623287
1623287
1623288
1623288
1623827
1623827
1623827
1623827
1623827
1624414
1624460
1624573
1624616
1624757
1624780
1625035
1626437
1626499
1626521
1626902
1626902
1626902
1626902
1626909
1626921
1627429
1627429
1627429
1627429
1627429
1627429
1627429
1627429
1627429
1627429
1627429
1627429
1627429
1627429
1627429
1627429
1628102
1628102
1628102
1628102
1628109
1628605
1630985
1632574
1637587
1637587
1637785
1637785
1637785
1637785
1637785
1637785
1637785
1638423
1650225
1638423
1638227
1637589
1637588
1637654
1637654
1637654
1637785
1637785
1637787
1637787
1638185
1638090
1638185
1638383
1640548
1641447
1641448
1641748
1641827
1641831
1642647
1649006
1644502
1645108
1645109
1646627
1646308
1646308
1647432
1647806
1649823
1649029
1649027
1649010
1649306
1652863
1670823
1656463
1656231
1655263
1654063
1657431
1657663
1660063
1658863
1659831
1881407
1660023
1658631
1658631
1659385
1660023
1661223
1662423
1661223
1660585
1669623
1668423
1661031
1661138
1661145
1661745
1661785
1668423
1662231
1662423
1662423
1662423
1662423
1662624
1662637
1662945
1662985
1663431
1662985
1663431
1663623
1663545
1663585
1663585
1669188
1669385
1669188
1669385
1663623
1663431
1664031
1663824
1664745
1664031
1665637
1664785
1667588
1666585
1667654
1667630
1667630
1689227
1692827
1693429
1693424
1693429
1689287
1694628
1692785
1689222
1670632
1670632
1671226
1669424
1667785
1669426
1671823
1671823
1667785
1669426
1689222
1663623
1663623
1664785
1668226
1664823
1664823
1666023
1668830
1666623
1664631
1667223
1668830
1664437
1667223
1668854
1664745
1665831
1667630
1667630
1667654
1668788
1667823
1665985
1667988
1668185
1666023
1669023
1668224
1666585
1667223
1668821
1667223
1667627
1667588
1667588
1667627
1671827
1687835
1672430
1687835
1669623
1668423
1670026
1688027
1668185
1672430
1672668
1670202
1668821
1688027
1668224
1670202
1677254
1673027
1669431
1667988
1668226
1678063
1680206
1670621
1688027
1670621
1689227
1689226
1670588
1689226
1679326
1670588
1668310
1680230
1688054
1688054
1688054
1670627
1670627
1688054
1688054
1689227
1688386
1668827
1671827
1670026
1669979
1670202
1670257
1670511
1670562
1671467
1671468
1671468
1671468
1671476
1672092
1672366
1673482
1673482
1673482
1673482
1673482
1673526
1673559
1673858
1674166
1674463
1688386
1934022
1687429
1687428
1674463
1688623
1681406
1688386
1688630
1688630
1688627
1697500
1695115
1674463
1688623
1688630
2289718
1677830
1686423
1676054
1679006
1675663
1679030
1883807
1679006
1686822
1686827
1676863
1677223
1677515
1677820
1677820
1678126
1678423
1680206
1680206
1687430
1874365
1680206
1688022
1680518
1680534
1680581
1681118
1681131
1681137
1681722
1681722
1681722
1681966
1682045
1682066
1682585
1682585
2265118
1682627
1687426
1686228
1686423
1699645
1693428
1686822
1686224
1686827
1685223
1873765
1686225
1683968
1685223
1687427
1686225
1685823
1686224
1686226
1686226
1686227
1686822
1686227
1686229
1686228
1685823
1685823
1686237
1686244
1686822
1686824
1687424
1687623
1687425
1687427
1687425
1687423
1687423
1687423
1686849
1686856
1687142
1687366
1687584
1688062
1688062
1688634
1688718
1688729
1688736
1689016
1689016
1689215
1689296
1689519
1689628
1689634
1690219
1690227
1690395
1690526
1690526
1690526
1691027
1690966
1691419
1691435
1691435
1691566
1691585
1691627
1691946
1692227
1692246
1692019
1692527
1692635
1692634
1693130
1693507
1693524
1693834
1694166
1694628
1694628
1694628
1695077
1695332
1695828
1696426
1695678
1695828
1696623
1697028
1696300
1696300
1697131
1698226
1697847
1698445
1698445
1699038
1700236
1700551
1701152
1703418
1704113
1704208
1705405
1711045
1705886
1705887
1705888
1705890
1727486
1909300
1705897
1711045
1705899
1712245
1712845
1720045
1707824
1725713
1737423
1734445
1727488
1719445
1707824
1707824
1707824
1709005
1709005
1709005
1709005
1720045
1706605
1707805
1723431
1711045
1727499
1711045
1727245
1741645
1712245
1712245
1712845
1712845
1712845
1712245
1712845
1712845
1726645
1712845
1712845
1712845
1712845
1712845
1720045
1727245
1720045
1720045
1720045
1718513
1716231
1719445
1727486
1732645
1729714
1743791
1745668
1747236
1748845
1755686
1759425
1760223
1755445
1756045
1747374
1748845
1749086
1748845
1748845
1755423
1748845
1747375
1748845
1748845
2256718
1748845
1749088
1748577
1753045
1759023
1751574
1751436
1753286
1754245
1753045
1754245
1781245
1752636
1753045
1753045
1753045
1754486
1753288
1752774
1752774
1753236
1752774
1753288
1753288
1753236
1753236
1753236
1753236
1753236
1753645
1753645
1753645
1754245
1754245
1754245
1756358
1756958
1758758
1758360
1757160
1757160
1757160
1758360
1758225
1758225
1758225
1757558
1758360
1757160
1759427
1759974
1760245
1759427
1759645
1760245
1759560
1759427
1759427
1759623
1759645
1759886
1764423
1759623
1769558
1766025
1774422
1757522
1758225
1758225
1759560
1760436
1760488
1764423
1758758
1758758
1759023
1759023
1759023
1759023
1759425
1759425
1759427
1759427
1759427
1759427
1758225
1758225
1759623
1763625
1761174
1763574
1763625
1762374
1761467
1763625
1764774
1764423
1764825
1764825
1766008
1767823
1774422
1775622
1774422
1774422
1775622
1781027
1780623
1781027
1781160
1781027
1779635
1781027
1780229
1780358
1780236
1781025
1781027
1781223
1781223
1781160
1781160
1781160
1781440
1781859
1782032
1782032
1782809
1782810
1786023
1782812
1788825
1788868
1790025
1791423
1782818
1783232
1784245
1792425
1792623
1795358
1784245
1804412
1804645
1795623
1796625
1796625
1796823
1807645
1808845
1820022
1800758
1801422
1796823
1821268
1808845
1808845
1821632
1822165
1822623
1823321
1829626
1826068
1854700
1783232
1797222
1803158
1808845
1830445
1856068
1855426
1786023
1803445
1788423
1784245
1787223
1804645
1787625
1786023
1825045
1788868
1803445
1787223
1788825
1788825
1790025
1791158
1796022
1791158
1792623
1792425
1796558
1791158
1791423
1791158
1791225
1797222
1792112
1793312
1797222
1797222
1798832
1825224
1794512
1795358
1819623
1803268
1795358
1799321
1795358
1803445
1796022
1796022
1862022
1805845
1797020
1797632
1804409
1800758
1800222
1803445
1801958
1803268
1807645
1809086
1811668
1815268
1818822
1810468
1812868
1812868
1818868
1814068
1814068
1813415
1814302
1814921
1819121
1818822
1818620
1818423
1818225
1816958
1816702
1816112
1815268
1815502
1816468
1818423
1817668
1816468
1817223
1817668
1818225
1819468
1819425
1820068
1820068
1820068
1820432
1820668
1820965
1821568
1822824
1822825
1823022
1824024
1824868
1824025
1824758
1824758
1825310
1826558
1826558
1826886
1827507
1827507
1827508
1828128
1828426
1829035
1830445
1830235
1830536
1831132
1831132
1831132
1831735
1832051
1832650
1833295
1833296
1833297
1833298
1833298
1833300
1833301
1833302
1833850
1833850
1835499
1835499
1843002
1844068
1837585
1841024
1843388
1841031
1848029
1843421
1844432
1843432
1841621
1836231
1836231
1836423
1836423
1836624
1836624
1836699
1836699
1837545
1837545
1849063
1838437
1843432
1844623
1841622
1843623
1839385
1841630
1840454
1841785
1840899
1840899
1842224
1842226
1842226
1852246
1843002
1840985
1842423
1842822
1843623
1844627
1851254
1842423
1852045
1844921
1835499
1843232
1842868
1842826
1845230
1842185
1836699
1841988
1847965
1847668
1851226
1836831
1851868
1852165
1843765
1852126
1840430
1843427
1841223
1841622
1840585
1841223
1844026
1840388
1841988
1842243
1842537
1842822
1842560
1843161
1843357
1845827
1844223
1844223
1844311
1844432
1844500
1846799
1847627
1845046
1845376
1845599
1846645
1846220
1846220
1846824
1846829
1847420
1846852
1847263
1847722
1847863
1847845
1848922
1848620
1848922
1848620
1848976
1849591
1849591
1850054
1850054
1849896
1850786
1850959
1851091
1852014
1853006
1852600
1853203
1853203
1853499
1853500
1853500
1854402
1854895
1854896
1854896
1855003
1855010
1855922
1856805
1856812
1856816
1856816
1857418
1857418
1857418
1858315
1858322
1858326
1858326
1858331
1858341
1858348
1858351
1858618
1858926
1859215
1859230
1859506
1859513
1859533
1859807
1859807
1860854
1861423
1860854
1859812
1860854
1859815
1859815
1859817
1859818
1859819
1859820
1859821
1859822
1859823
1859824
1859830
1859826
1860228
1860228
1860827
1860037
1861423
1860827
1860854
1860229
1860635
1860228
1860827
1861430
1860827
1860854
1861186
1860635
1860324
1860635
1860706
1860635
1860733
1860765
1861047
1861048
1861186
1861564
1861805
1861910
1863431
1864008
1864036
1864659
1864913
1864914
1867021
1867428
1867427
1867943
1868214
1868225
1868243
1868243
1868355
1868368
1868449
1868462
1868509
1868760
1868537
1868760
1868760
1868760
1868760
1868727
1868829
1869006
1869155
1869291
1869439
1869721
1870732
1870771
1870916
1870925
1870938
1872131
1872242
1873382
1873627
1874361
1874827
1875565
1875565
1875697
1876243
1876367
1876485
1876668
1876940
1877026
1877026
1877263
1879342
1879343
1879668
1880575
1880881
1883272
1883573
1885176
1885177
1885179
1885180
1887632
1887632
1888430
1885186
1887632
1887700
1885189
1886202
1887700
1887700
1887632
1887700
1888430
1888430
1888430
1887700
1888430
1887700
1887700
1887700
1887700
1887700
1887700
1887700
1887700
1887700
1887700
1887700
1887700
1886202
1887700
1887700
1887632
1887700
1887700
1888430
1887700
1887632
1887632
1887632
1887700
1887632
1891232
1891321
1891527
1888430
1887632
1888430
1907207
1907207
1888832
1887700
1888832
1888430
1887632
1888430
1887632
1887700
1889027
1890062
1890755
1890049
1889955
1890327
1889968
1907207
1892371
1895555
1894355
1894275
1895634
1896200
1896219
1896219
1905222
1897419
1907207
1896834
1905222
1905222
1899830
1907207
1901931
1907207
1907207
1907207
1906777
1906422
1907207
1907025
1907859
1909232
1909420
1910637
1911567
1914382
1914638
1914697
1915583
1915703
1916222
1916838
1916888
1917137
1918657
1919344
1919548
1920187
1920504
1920811
1921713
1921714
1921717
1921771
1921918
1921932
1922604
1922902
1923218
1923820
1923823
1923833
1924103
1924103
1924680
1924701
1924747
1924748
1924748
1924749
1924749
1924750
1924750
1924750
1924751
1924751
1924765
1924766
1924766
1924766
1924767
1924767
1924768
1924768
1924769
1924769
1925303
1930007
1930007
1925327
1925360
1926833
1928807
1928807
1928807
1930007
1930900
1930007
1929226
1930007
1929226
1930900
1929679
1930126
1930718
1931613
1931613
1931614
1931923
1931993
1932340
1932521
1932842
1932842
1932842
1933007
1933422
1933423
1933445
1934629
1934636
1934660
1935246
1935247
1935247
1935560
1936531
1936531
1937473
1937473
1937473
1937794
1938088
1938220
1938281
1938443
1938475
1938777
1938937
1939055
1939096
1939860
1939967
1940180
1940345
1940370
1940370
1940370
1940370
1940370
1940370
1940371
2131700
1940371
2116007
1940371
1940371
1940371
1940371
2009807
1940372
1940385
1951431
1951431
1951431
1956679
1951427
1952027
1940387
1951745
2010223
1952027
2123622
1941060
1949622
1941380
1957080
1956831
1952631
1952631
1950231
1950100
1952500
1954900
1952631
1958740
1950100
1949027
1941545
1948427
1948427
1949027
1948427
1960007
1942745
1960007
1960007
2116767
1942745
1949031
1960607
1960607
1960607
1943945
1948427
1948427
1944545
1961207
1950231
1948900
1945745
1948900
1949031
1949031
1949031
1945745
1949031
1961207
1949031
1948422
1948900
1949031
1949622
1948427
1943945
1945145
1960007
1955031
1948145
1948422
1948145
1948422
1948145
1948145
1948422
1948427
1948422
1948427
1948427
1948745
1948745
1948427
1948900
1948745
1946945
1948900
1946945
1946945
1948900
1946945
1946945
1946945
1946945
1946945
1946945
1946945
1948900
1949027
1949027
1949027
1946945
1946945
1949027
1946945
1946945
1946945
1961207
1948422
1949627
1947545
1946945
1947545
1947545
1948145
1948145
1948145
1948145
1948145
1948145
1948145
1948145
1948145
2253118
2116770
1950231
1955245
2011703
2123022
1949627
1961207
1950231
1949627
1948900
1948422
1949627
1950100
1949027
1950822
1950822
2017427
1955475
1967207
1971407
2018252
1972607
1971718
2024807
1951300
1992940
1972712
2123536
1994207
1956145
1994807
1955993
1951427
2027207
2024807
2027207
1994807
2027461
2005007
1956443
1956445
1950227
1950231
1949345
1950827
1950227
1950827
1951300
1951431
1950545
2022423
1950908
1951200
1951216
1951222
1962407
1951822
1951835
1951917
1952168
1952173
1952181
1952181
1952400
2012207
1952500
1953700
1957540
1960007
1960007
1960007
1953593
1960007
1953075
1953831
1953831
1953227
1953166
1953172
1953374
1953454
1954045
1953531
1954045
1954045
1954045
1954045
1954045
1954275
1954372
1954793
1955031
1954945
1955031
1960007
1955245
1955631
1955631
1956729
1956740
1956831
1958740
1960007
1957860
1962407
1957929
1957941
1958040
1958046
1958776
1958777
1959060
1959060
1959060
1959060
1959060
1959060
1959060
1959060
1959060
1959060
1959060
1959060
1959141
1959846
1959940
1959940
1959940
1959940
1960260
1993607
2010407
2010407
1963607
1963607
1963607
2010407
2026607
1964207
1964807
1964807
1963607
1963607
1961207
1965407
1963607
1963607
1970807
1972007
1972007
1979807
1993007
1993007
1964140
1993007
2116422
1993007
1961807
1961807
1962407
1960007
1993607
1964207
1964207
1962407
1961207
1960007
1962407
1960007
1961807
1959940
1961207
2145718
1961207
1961207
1962407
1961207
1961207
1961207
1961807
1961807
1961807
1961807
1961807
1962407
1962407
1963007
1963007
1962509
1963607
1963007
1963007
1963007
1963007
1963607
1967807
1967807
1966007
1967207
1967207
1967207
1966607
1965718
1971407
1971407
1970312
1970518
1969712
1969918
1970207
1970297
1971512
1971512
1971512
1971512
1972111
1972607
1973311
1973302
1978607
1978607
1974528
1975124
1976823
1976823
1977407
1977407
1978007
1978007
1978007
1978007
1978007
1978007
1978540
1979207
1979207
1979207
1978540
1978607
1978607
1979207
1978607
1978607
1979207
1979207
1973460
1978607
1973807
1978607
1978607
1973807
1978607
1973807
1974121
1974227
1974340
2010407
1979207
1974423
1974423
1974502
1974511
1993607
1973460
1973460
1973460
1973684
1973807
1974121
1973924
1974220
1993607
1993607
1993607
1978007
1975623
1976207
1976807
1979207
2254318
1980218
1981418
1980219
1980219
1992407
1985207
1992407
1988807
1991207
1985207
1985032
1985032
1985032
1985207
1985207
1985207
1985207
1986407
1987607
1990007
1986407
1986407
1986407
1986407
1988911
1987860
1987607
1991223
1988207
1991807
1988627
1992407
1988807
1987607
1989235
1989673
1991027
1991632
1994207
1995226
1995407
1996730
1996607
1995530
1997807
1997926
2003027
2008007
2000807
2003311
2002260
2004407
2002007
2000312
2008607
2001512
2002007
2009207
2003207
2002607
2004407
2005623
2008007
2003207
2003207
2004060
2008007
2005607
2008007
2007407
2006807
2008007
2006807
2007407
2009207
2009207
2007085
2007407
2007407
2009207
2008607
2008607
2008607
2008607
2009207
2009207
2009807
2011007
2011007
2011007
2011056
2011607
2011652
2013463
2012263
2012263
2012852
2016452
2014052
2013827
2015027
2014663
2014111
2016511
2015252
2015311
2015863
2015915
2016227
2016407
2017607
2018807
2021223
2020023
2020007
2021207
2021207
2108022
2021807
2024807
2024807
2024807
2026007
2026007
2026007
2026261
2050007
2041607
2099807
2109222
2051207
2097549
2041007
2045207
2043407
2044007
2044607
2046407
2062007
2060807
2045207
2050007
2041007
2042207
2051207
2045207
2069207
2097550
2051207
2045207
2052407
2041007
2041007
2066807
2048911
2041007
2041007
2052407
2041607
2053607
2050711
2042807
2097567
2041607
2074007
2054807
2042807
2045311
2053607
2064407
2054311
2043407
2106822
2070407
2056907
2111213
2144518
2054807
2070407
2041007
2045807
2044607
2046407
2041607
2046407
2042807
2056007
2046407
2047607
2046511
2110422
2056007
2047607
2042207
2251318
2043407
2042207
2042207
2042807
2042207
2047607
2047711
2048807
2048807
2045207
2048807
2057207
2071607
2065607
2099807
2053607
2126031
2075207
2149918
2059607
2076407
2094707
2078207
2078507
2080007
2080307
2060611
2100249
2092007
2045311
2097547
2063807
2097569
2092607
2092907
2115312
2064107
2115570
2098748
2109222
2109222
2048807
2048807
2109222
2101150
2049407
2111022
2113422
2113171
2098748
2098749
2098751
2050007
2101150
2101167
2102207
2109222
2098766
2049407
2106822
2059711
2072807
2057207
2058407
2058407
2098607
2055707
2106822
2063207
2074007
2059607
2059607
2097548
2060611
2062007
2060807
2063207
2063207
2065607
2069207
2069207
2068007
2068007
2068007
2093807
2071074
2075207
2078588
2084807
2097568
2098607
2097407
2096207
2097549
2089607
2090807
2090807
2097551
2098751
2098750
2092007
2111022
2114207
2109222
2097566
2093207
2093275
2094407
2102207
2095007
2099950
2099731
2116750
2115822
2101007
2100413
2101007
2101007
2102207
2108022
2141631
2106822
2106822
2108022
2103407
2106407
2104768
2106822
2108022
2106822
2106822
2106822
2106822
2104768
2106822
2106822
2105968
2108022
2106822
2108507
2114349
2113172
2113185
2114348
2106822
2106822
2106822
2106822
2106822
2106822
2106822
2107007
2108022
2107307
2107168
2107422
2107422
2107422
2108022
2108022
2108022
2107613
2108022
2108022
2108022
2107739
2108022
2108022
2108022
2108022
2108077
2108207
2108622
2108572
2108622
2109222
2109222
2109222
2108813
2109107
2109310
2109407
2109772
2109822
2110013
2110422
2109822
2109822
2110422
2110013
2110307
2110422
2110422
2111022
2110422
2110577
2110607
2110670
2111022
2110972
2111022
2111022
2111622
2111622
2111622
2111507
2111622
2112222
2111807
2111870
2111947
2111968
2111977
2112222
2112172
2112222
2112222
2113070
2113166
2112707
2113171
2112707
2112822
2112822
2112822
2113151
2113170
2113007
2113149
2113170
2113170
2113148
2113148
2113233
2113422
2114022
2113497
2114022
2113690
2114022
2114370
2114875
2114622
2114022
2114022
2114112
2115222
2115222
2114370
2114347
2114380
2114556
2114727
2114755
2114913
2114913
2114996
2115570
2115547
2115550
2115550
2115550
2115570
2115567
2115550
2115964
2116075
2116243
2116244
2116544
2116564
2116850
2117444
2251918
2117467
2118822
2120370
2117744
2116867
2164318
2118050
2119267
2121222
2122770
2118667
2118822
2120022
2119422
2118994
2121570
2120194
2119288
2120622
2122336
2122351
2122422
2122379
2122803
2123841
2123842
2123859
2124067
2124231
2124161
2124227
2124595
2125062
2125370
2125370
2126861
2126861
2126894
2127571
2127571
2128045
2127822
2127571
2127752
2128357
2128771
2128371
2128661
2128793
2128850
2129631
2129022
2128945
2129243
2129970
2129712
2129257
2129371
2129277
2129479
2129877
2129937
2130457
2130472
2130473
2130486
2130486
2130500
2130589
2130822
2130784
2131064
2132564
2133759
2134064
2140431
2134397
2138732
2139072
2139168
2141567
2141875
2142672
2145550
2146841
2147628
2162925
2167720
2171321
2174437
2177750
2178683
2179583
2179587
2179599
2179599
2182567
2182568
2182568
2182569
2186701
2186917
2186996
2187020
2187033
2187131
2188204
2188216
2189147
2191470
2191634
2192923
2198924
2198947
2208255
2208367
2209455
2209455
2208859
2209455
2209756
2211325
2213725
2214925
2214799
2219620
2223037
2223038
2223039
2223044
2223045
2223046
2223047
2223054
2223056
2223057
2223058
2223059
2223060
2223061
2223062
2223063
2223064
2223065
2275318
2223071
2223072
2223075
2223076
2223077
2223078
2237456
2237459
2237463
2237437
2237446
2237439
2240609
2247362
2247662
2247662
2247662
2247663
2247984
2262458
2262863
2262863
2267093
2267109
2267417
2267424
2267428
2267428
2267740
2274118
2270166
2270337
2271059
2271059
2271135
2271666
2271746
2272881
2272895
2273038
2273780
2273987
2274074
2274268
2274382
2274382
2274690
2274690
2274721
2275294
2275464
2276502
2276818
2277422
2277422
2277714
2278013
2278013
2278319
2278320
2278858
2278919
2279040
2280106
2280423
2281309
2281309
2281608
2281921
2281921
2282224
2282818
2283348
2284918
2285221
2285827
2285827
2286352
2287041
2287126
2288219
2288300
2288550
2288846
2289445
2289995
2291415
2291884
2292205
2293105
2294605
2295204
2295204
2295221
2295520
2296111
2296731
2296731
2297133
2297316
2297331
2298221
2299757
2300383
2300383
2301625
2301664
2302210
2303719
2304318
2307741
2307741
2311488
2312526
2315937
2317124
2317161
2322226
2322967
2325512
2325514
2325516
2325518
2325521
2325523
2325526
2325528
2325531
2325534
2325538
2325539
2325543
2325544
2325544
2325545
2325545
2325546
2325547
2325547
2325548
2325548
2325549
2325550
2325550
2325789
2325790
2325805
2325806
2325924
2334995
2337985
2339928
2338002
2338005
2338005
2338005
2338005
2338005
2338005
2338297
2338365
2338585
2338596
2338605
2338608
2338884
2338900
2339205
2341650
2345259
2346513
2348935
2350159
2350778
2352038
2352038
2352038
2352591
2352592
2352593
2352594
2352595
2352596
2352597
2352598
2352600
2352601
2352602
2352603
2352604
2352605
2352606
2352607
2352608
2352609
2352611
2352612
2352613
2352614
2352615
2352616
2352673
2352701
2352702
2352703
2352704
2352705
2352706
2352707
2352708
2352709
2352710
2352711
2352713
2352714
2352715
2352716
2352717
2352718
2352719
2352720
2352721
2352722
2352724
2352725
2352726
2353951
2355853
2355853
2355853
2356444
2356745
2357067
2357067
2357552
2357655
2359470
2359470
2360077
2360370
2360970
2360970
2361276
2363398
2363398
2363399
2363700
2364001
2364636
2364636
2364920
2367029
2367029
2367029
2367353
2367646
2368254
2368254
2368544
2369740
2370572
2370697
2370698
2370698
2370988
2371287
2371882
2371882
2372192
2372326
2374343
2374344
2374344
2375288
2375288
2375613
2375613
2375917
2378005
2378005
2378006
2378906
2378906
2379507
2379507
2379811
2381636
2381636
2381641
2381641
2381642
2381643
2381643
2381648
2381648
2381648
2381649
2381658
2381658
2381658
2381658
2381924
2381931
2381937
2381939
2381939
2382231
2382248
2382538
2382538
2382835
2383123
2383123
2383733
2384019
2384025
2385524
2385524
2385525
2386433
2386433
2386743
2386743
2387642
2387932
2387940
2388226
2388243
2389432
2389432
2389432
2390322
2390322
2390620
2390620
2391530
2393339
2393339
2393339
2393934
2393934
2394222
2394222
2395139
2397238
2397238
2397238
2397819
2397819
2398163
2398163
2398807
2400941
2400941
2400941
2401520
2401520
2401841
2401841
2402436
2403643
2404586
2404586
2404587
2405210
2405210
2405522
2405522
2406144
2407150
2407151
2407152
2407153
2407155
2407156
2407157
2407158
2407159
2407160
2407161
2407162
2407163
2407164
2407166
2407167
2407168
2407169
2407170
2407171
2407172
2407174
2407175
2407176
2407177
2407178
2407179
2407180
2407182
2407183
2407184
2407185
2407186
2407187
2407188
2407189
2407190
2407192
2407193
2407194
2407195
2407196
2407197
2407199
2407200
2407201
2407202
2407203
2408246
2408246
2408469
2408610
2408785
2408856
2408856
2409146
2409146
2410060
2410060
2411913
2411913
2412343
2412502
2412502
2412813
2412813
2413722
2413722
2415515
2415515
2415896
2416002
2416426
2416426
2417329
2417329
2420338
2421240
2421240
2423089
2423089
2423396
2423992
2423992
2424585
2424585
2424592
2424592
2424883
2424890
2424901
2424901
2425182
2425202
2425207
2426735
2426736
2427022
2427636
2428527
2428527
2430640
2430640
2430640
2430640
2431255
2431255
2432144
2432145
2434289
2434289
2434289
2434289
2434888
2434888
2435791
2435792
2437959
2437959
2438555
2438555
2439461
2439461
2441617
2441617
2441617
2441617
2442207
2442208
2443112
2443112
2443330
2445231
2445469
2445515
2445515
2445515
2445515
2446119
2446119
2446720
2446720
2446852
2449051
2449132
2449132
2449132
2449132
2449774
2449774
2450403
2450404
2452835
2452836
2452836
2452836
2452848
2452912
2453476
2453476
2453514
2454092
2454092
2456237
2456555
2456556
2456556
2456556
2457169
2457169
2457818
2457818
2459337
2459493
2459565
2460137
2460187
2460232
2460232
2460232
2460823
2460824
2461427
2461427
2461428
2461687
2462694
2462950
2463275
2463362
2463449
2463833
2463974
2463974
2463974
2463974
2463974
2463974
2463974
2463974
2463974
2463974
2464135
2464135
2466535
2465287
2466487
2466875
2465044
2465335
2465335
2466244
2466294
2467222
2467433
2469894
2467864
2470293
2470264
2471493
2468350
2468199
2470293
2469233
2468633
2468950
2470433
2470135
2468350
2468633
2469399
2469833
2470567
2469833
2469064
2471935
2470735
2470735
2472693
2471009
2471228
2471464
2471633
2471633
2471623
2471935
2471928
2472523
2472719
2472851
2473187
2474683
2474695
2474715
2474730
2474749
2474818
2474818
2548918
2475280
2475291
2475314
2475432
2475432
2475601
2475601
2475885
2475895
2548918
2476032
2476018
2548918
2566918
2566918
2548918
2548918
2476123
2548918
2548918
2476514
2548918
2548918
2548918
2476632
2476801
2476632
2503032
2502402
2476801
2503574
2476491
2504774
2503632
2548918
2476491
2478374
2477691
2553118
2478349
2478374
2478374
2478374
2478374
2478374
2478374
2478374
2478374
2478374
2478374
2478374
2478374
2478374
2499432
2498923
2500032
2478891
2478891
2500491
2501149
2501085
2548918
2501174
2548918
2501323
2548918
2548918
2548918
2520374
2548918
2552518
2548918
2548918
2548918
2548918
2481291
2481291
2495075
2495185
2520949
2548918
2548918
2505974
2509368
2516401
2548918
2548918
2548918
2516610
2566918
2548918
2521123
2521269
2480091
2481275
2490418
2490432
2552518
2552518
2549174
2549218
2549174
2549518
2549232
2549610
2549610
2550118
2490891
2522174
2521618
2528174
2523768
2533632
2528174
2534010
2533723
2534774
2534743
2570518
2550168
2553718
2553718
2520069
2554690
2554574
2520374
2556718
2566869
2566318
2531610
2531202
2531774
2567518
2566918
2566918
2567323
2548918
2516774
2517374
2516802
2518032
2517432
2548918
2548918
2548918
2548918
2518123
2518123
2519096
2519096
2519232
2519174
2548918
2548918
2501714
2548918
2491032
2534774
2548918
2548918
2548918
2498774
2548918
2501818
2502285
2502210
2501832
2494801
2494801
2495010
2494869
2494869
2495010
2514523
2512869
2482475
2483174
2518574
2495085
2495010
2495174
2495174
2495095
2495691
2495174
2495832
2495818
2495832
2496374
2496374
2496374
2496374
2496374
2496374
2496374
2496374
2496374
2481974
2496374
2496432
2496432
2497485
2496891
2497574
2497574
2497549
2514974
2523374
2502069
2502374
2502296
2502210
2499974
2499974
2515496
2505601
2505601
2505669
2499974
2481974
2505896
2497723
2500032
2481974
2501174
2501174
2481974
2548918
2483174
2484275
2483675
2486774
2486075
2487275
2486774
2487291
2487291
2487875
2505974
2487974
2487974
2490285
2489675
2490374
2490295
2490523
2490374
2490523
2490523
2501174
2490914
2490875
2490914
2490914
2491032
2482475
2491032
2491201
2491201
2491201
2491201
2491201
2491201
2491485
2491475
2491495
2491485
2491574
2491495
2506574
2501174
2491574
2492091
2492091
2492218
2492218
2492091
2492091
2492232
2492232
2492232
2492218
2492774
2492774
2492749
2492774
2492774
2492774
2492774
2492774
2492774
2492774
2492774
2492774
2492774
2492774
2492774
2492774
2492774
2482475
2501714
2507010
2509201
2509201
2509574
2509269
2510696
2510610
2511374
2502001
2492774
2492774
2492774
2492774
2485574
2486091
2498114
2498114
2492832
2492832
2492832
2493885
2493275
2493949
2493895
2493974
2498232
2493974
2498401
2493974
2498401
2493974
2498401
2498469
2498469
2498610
2486774
2494123
2494032
2494123
2494123
2494514
2494514
2494514
2502001
2494632
2498610
2498610
2512801
2516469
2498695
2498685
2498774
2498743
2498774
2494801
2494632
2490285
2502343
2502295
2490295
2492774
2494801
2492749
2495675
2495691
2492832
2493974
2494475
2495691
2496875
2497723
2497632
2499291
2499418
2499432
2499974
2499974
2499974
2500491
2501691
2503574
2505374
2504774
2504774
2504774
2505314
2505810
2506574
2507774
2548918
2519610
2540174
2534832
2548123
2545574
2544069
2543323
2541001
2540290
2510174
2508168
2509496
2509496
2511374
2512574
2513832
2511974
2511974
2511374
2511374
2512801
2512801
2512574
2514210
2511374
2511374
2511374
2511374
2512574
2513323
2513174
2514296
2548918
2513774
2513774
2516218
2516114
2514891
2517974
2515723
2515574
2515549
2515485
2514974
2516232
2516275
2519595
2520069
2548918
2522174
2522885
2524475
2528174
2525675
2526875
2526795
2526974
2526974
2527995
2531174
2534401
2529195
2531010
2530395
2530801
2530801
2530801
2530801
2530395
2530801
2530801
2530995
2530995
2548918
2532001
2553374
2554318
2532432
2549143
2532523
2532519
2533201
2533201
2570518
2533496
2533496
2533574
2533574
2533496
2533632
2548918
2535523
2535601
2535523
2535601
2535349
2535349
2535349
2535349
2535349
2535349
2535523
2535523
2535523
2535523
2535601
2535669
2539368
2542574
2539618
2536549
2536574
2536018
2536018
2536018
2536197
2536754
2537028
2537218
2538168
2538490
2539123
2546174
2539269
2539201
2539201
2539201
2539201
2540097
2540323
2541297
2541523
2542127
2542574
2542968
2542869
2543218
2546818
2548018
2547226
2548426
2548032
2548410
2548410
2549518
2552518
2549518
2550118
2550118
2550718
2551918
2550718
2552518
2551918
2552518
2552518
2552518
2552120
2552518
2552518
2553718
2553118
2553118
2563318
2553374
2563318
2560318
2555518
2554918
2554918
2555518
2555218
2559118
2564518
2564518
2564518
2565718
2566918
2556118
2556718
2556118
2556418
2556718
2557618
2557318
2557723
2557013
2557918
2557318
2557318
2563318
2560318
2563318
2563318
2563318
2563318
2563318
2563318
2560613
2561174
2561518
2557918
2562523
2562846
2563318
2557918
2563318
2557918
2557918
2557918
2559069
2560032
2560123
2560123
2560269
2558213
2558213
2558518
2558832
2558818
2558818
2558923
2558923
2558469
2559069
2560018
2563318
2563318
2563318
2563318
2559413
2559974
2559974
2560446
2561174
2561646
2565718
2563318
2562374
2562523
2563318
2563318
2563318
2563318
2563618
2563723
2563918
2563918
2564518
2564518
2564518
2563918
2564518
2565118
2565118
2565069
2565374
2565669
2565718
2565923
2566318
2566269
2569122
2567922
2568374
2570518
2570518
2569723
2569574
2570071
2571682
2572945
2573844
2577159
2577783
2579299
2579459
2579841
2580759
2580770
2580789
2584423
2584423
2584423
2584436
2584436
2584437
2584730
2585940
2585940
2586845
2588067
2588389
2588389
2588389
2588389
2589934
2589935
2589935
2590249
2591935
2592100
2592100
2592393
2593948
2593948
2593969
2593969
2595502
2595519
2596278
2596733
2598826
2598872
2599135
2599428
2599428
2599738
2600643
2600924
2601217
2601232
2601240
2601250
2601346
2601346
2602755
2602769
2604263
2604555
2604855
2605186
2605265
2605766
2605767
2607916
2608824
2608824
2610399
2611043
2611044
2611358
2612022
2612619
2612619
2612915
2614122
2614136
2614729
2614729
2615018
2615921
2615992
2616006
2616231
2616231
2616237
2616246
2616525
2616537
2616744
2616752
2616815
2616879
2617073
2617803
2617816
2617817
2617817
2617818
2617818
2618449
2618449
2618696
2618775
2618775
2618786
2618807
2618932
2619023
2619083
2619095
2619160
2619408
2619410
2619433
2619701
2619862
2619911
2620046
2620046
2620356
2620578
2621612
2621673
2621728
2621730
2621732
2621735
2622232
2622232
2622519
2622519
2622880
2622916
2623081
2623502
2623819
2623819
2625363
2625904
2625916
2625978
2626038
2626039
2626297
2626300
2626333
2626629
2626630
2626644
2626734
2627240
2627539
2629039
2629778
2629930
2629930
2630240
2630240
2630240
2630862
2630916
2630918
2630920
2630923
2630930
2631055
2631171
2631325
2631328
2632052
2632717
2632717
2632866
2633627
2633627
2633930
2633930
2633930
2634046
2634527
2634837
2636093
2636095
2636096
2636097
2636097
2636098
2636528
2636720
2637338
2637338
2637647
2637647
2637647
2638285
2638601
2639879
2640492
2641097
2641300
2641362
2641426
2641433
2641436
2641440
2641441
2641441
2641448
2641597
2641722
2641882
2642020
2642141
2642146
2642231
2642318
2642329
2642517
2642617
2642625
2642975
2642976
2642976
2642977
2642977
2642977
2642977
2642978
2642978
2642983
2643270
2643276
2643464
2643587
2643595
2643603
2643604
2643884
2643884
2643885
2644213
2644295
2644527
2644664
2644823
2644823
2644835
2644839
2644839
2645094
2645120
2645120
2645120
2645135
2645439
2645459
2645734
2645741
2645756
2645759
2645762
2645800
2645800
2646049
2646049
2646376
2646378
2647783
2647791
2647792
2647896
2648624
2648916
2648917
2648924
2648928
2648937
2649238
2649521
2649823
2649827
2649828
2651027
2651029
2651029
2651036
2651036
2651037
2651926
2651933
2652051
2652280
2652309
2652545
2652546
2652553
2653417
2653715
2653904
2654321
2654321
2654622
2656118
2656435
2656436
2656436
2657328
2657328
2657499
2660157
2660157
2660157
2660790
2661111
2662066
2663937
2663937
2664530
2664824
2664824
2665735
2665756
2665756
2665771
2666023
2666028
2666086
2666100
2666110
2666264
2667555
2667555
2667556
2667867
2668499
2668500
2669447
2670384
2671005
2671337
2671337
2671968
2672262
2672262
